
   RedisException  : Connection lost

  at /var/www/cc-backend.local/vendor/laravel/framework/src/Illuminate/Redis/Connections/PhpRedisConnection.php:33
    29|      * @return string|null
    30|      */
    31|     public function get($key)
    32|     {
  > 33|         $result = $this->client->get($key);
    34| 
    35|         return $result !== false ? $result : null;
    36|     }
    37|

  Exception trace:

  1   Redis::get("cc-cm:illuminate:queue:restart")
      /var/www/cc-backend.local/vendor/laravel/framework/src/Illuminate/Redis/Connections/PhpRedisConnection.php:33

  2   Illuminate\Redis\Connections\PhpRedisConnection::get("cc-cm:illuminate:queue:restart")
      /var/www/cc-backend.local/vendor/laravel/framework/src/Illuminate/Cache/RedisStore.php:54

  Please use the argument -v to see more details.

   RedisException  : Connection lost

   RedisException  : Connection lost

   RedisException  : Connection lost

  at /var/www/cc-backend.local/vendor/laravel/framework/src/Illuminate/Redis/Connections/PhpRedisConnection.php:33

  at /var/www/cc-backend.local/vendor/laravel/framework/src/Illuminate/Redis/Connections/PhpRedisConnection.php:33

  at /var/www/cc-backend.local/vendor/laravel/framework/src/Illuminate/Redis/Connections/PhpRedisConnection.php:33
    29|      * @return string|null
    30|      */
    31|     public function get($key)
    32|     {
  > 33|         $result = $this->client->get($key);
    34| 
    35|         return $result !== false ? $result : null;
    36|     }
    37|

  Exception trace:

  1   Redis::get("cc-cm:illuminate:queue:restart")
      /var/www/cc-backend.local/vendor/laravel/framework/src/Illuminate/Redis/Connections/PhpRedisConnection.php:33

  2   Illuminate\Redis\Connections\PhpRedisConnection::get("cc-cm:illuminate:queue:restart")
      /var/www/cc-backend.local/vendor/laravel/framework/src/Illuminate/Cache/RedisStore.php:54

  Please use the argument -v to see more details.
    29|      * @return string|null
    30|      */
    31|     public function get($key)
    32|     {
  > 33|         $result = $this->client->get($key);
    34| 
    35|         return $result !== false ? $result : null;
    36|     }
    37|

  Exception trace:

  1   Redis::get("cc-cm:illuminate:queue:restart")
      /var/www/cc-backend.local/vendor/laravel/framework/src/Illuminate/Redis/Connections/PhpRedisConnection.php:33

  2   Illuminate\Redis\Connections\PhpRedisConnection::get("cc-cm:illuminate:queue:restart")
      /var/www/cc-backend.local/vendor/laravel/framework/src/Illuminate/Cache/RedisStore.php:54

  Please use the argument -v to see more details.
    29|      * @return string|null
    30|      */
    31|     public function get($key)
    32|     {
  > 33|         $result = $this->client->get($key);
    34| 
    35|         return $result !== false ? $result : null;
    36|     }
    37|

  Exception trace:

  1   Redis::get("cc-cm:illuminate:queue:restart")
      /var/www/cc-backend.local/vendor/laravel/framework/src/Illuminate/Redis/Connections/PhpRedisConnection.php:33

  2   Illuminate\Redis\Connections\PhpRedisConnection::get("cc-cm:illuminate:queue:restart")
      /var/www/cc-backend.local/vendor/laravel/framework/src/Illuminate/Cache/RedisStore.php:54

  Please use the argument -v to see more details.

   RedisException  : php_network_getaddresses: getaddrinfo failed: Name or service not known

  at /var/www/cc-backend.local/vendor/laravel/framework/src/Illuminate/Redis/Connectors/PhpRedisConnector.php:109
    105|         if (version_compare(phpversion('redis'), '3.1.3', '>=')) {
    106|             $parameters[] = Arr::get($config, 'read_timeout', 0.0);
    107|         }
    108| 
  > 109|         $client->{($persistent ? 'pconnect' : 'connect')}(...$parameters);
    110|     }
    111| 
    112|     /**
    113|      * Create a new redis cluster instance.

  Exception trace:

  1   Redis::connect("docker_redis_1", "6379", "")
      /var/www/cc-backend.local/vendor/laravel/framework/src/Illuminate/Redis/Connectors/PhpRedisConnector.php:109

  2   Illuminate\Redis\Connectors\PhpRedisConnector::establishConnection(Object(Redis), ["docker_redis_1", "root", "6379"])
      /var/www/cc-backend.local/vendor/laravel/framework/src/Illuminate/Redis/Connectors/PhpRedisConnector.php:66

  Please use the argument -v to see more details.

   RedisException  : php_network_getaddresses: getaddrinfo failed: Name or service not known

  at /var/www/cc-backend.local/vendor/laravel/framework/src/Illuminate/Redis/Connectors/PhpRedisConnector.php:109
    105|         if (version_compare(phpversion('redis'), '3.1.3', '>=')) {
    106|             $parameters[] = Arr::get($config, 'read_timeout', 0.0);
    107|         }
    108| 
  > 109|         $client->{($persistent ? 'pconnect' : 'connect')}(...$parameters);
    110|     }
    111| 
    112|     /**
    113|      * Create a new redis cluster instance.

  Exception trace:

  1   Redis::connect("docker_redis_1", "6379", "")
      /var/www/cc-backend.local/vendor/laravel/framework/src/Illuminate/Redis/Connectors/PhpRedisConnector.php:109

  2   Illuminate\Redis\Connectors\PhpRedisConnector::establishConnection(Object(Redis), ["docker_redis_1", "root", "6379"])
      /var/www/cc-backend.local/vendor/laravel/framework/src/Illuminate/Redis/Connectors/PhpRedisConnector.php:66

  Please use the argument -v to see more details.

   RedisException  : php_network_getaddresses: getaddrinfo failed: Name or service not known

  at /var/www/cc-backend.local/vendor/laravel/framework/src/Illuminate/Redis/Connectors/PhpRedisConnector.php:109
    105|         if (version_compare(phpversion('redis'), '3.1.3', '>=')) {
    106|             $parameters[] = Arr::get($config, 'read_timeout', 0.0);
    107|         }
    108| 
  > 109|         $client->{($persistent ? 'pconnect' : 'connect')}(...$parameters);
    110|     }
    111| 
    112|     /**
    113|      * Create a new redis cluster instance.

  Exception trace:

  1   Redis::connect("docker_redis_1", "6379", "")
      /var/www/cc-backend.local/vendor/laravel/framework/src/Illuminate/Redis/Connectors/PhpRedisConnector.php:109

  2   Illuminate\Redis\Connectors\PhpRedisConnector::establishConnection(Object(Redis), ["docker_redis_1", "root", "6379"])
      /var/www/cc-backend.local/vendor/laravel/framework/src/Illuminate/Redis/Connectors/PhpRedisConnector.php:66

  Please use the argument -v to see more details.
