2019-06-13 08:04:00,028 CRIT Supervisor is running as root.  Privileges were not dropped because no user is specified in the config file.  If you intend to run as root, you can set user=root in the config file to avoid this message.
2019-06-13 08:04:00,028 WARN For [program:cc-backend-worker-default], redirect_stderr=true but stderr_logfile has also been set to a filename, the filename has been ignored
2019-06-13 08:04:00,029 WARN For [program:cc-backend-worker-default], redirect_stderr=true but stderr_logfile has also been set to a filename, the filename has been ignored
2019-06-13 08:04:00,030 WARN For [program:cc-backend-worker-default], redirect_stderr=true but stderr_logfile has also been set to a filename, the filename has been ignored
2019-06-13 08:04:00,030 WARN For [program:cc-backend-worker-default], redirect_stderr=true but stderr_logfile has also been set to a filename, the filename has been ignored
2019-06-13 08:04:00,031 WARN For [program:cc-backend-async], redirect_stderr=true but stderr_logfile has also been set to a filename, the filename has been ignored
2019-06-13 08:04:00,032 WARN For [program:cc-backend-async], redirect_stderr=true but stderr_logfile has also been set to a filename, the filename has been ignored
2019-06-13 08:04:00,032 WARN For [program:cc-backend-async], redirect_stderr=true but stderr_logfile has also been set to a filename, the filename has been ignored
2019-06-13 08:04:00,033 WARN For [program:cc-backend-async], redirect_stderr=true but stderr_logfile has also been set to a filename, the filename has been ignored
2019-06-13 08:04:00,034 INFO Included extra file "/etc/supervisor/conf.d/cc-backend.local.conf" during parsing
2019-06-13 08:04:00,044 INFO RPC interface 'supervisor' initialized
2019-06-13 08:04:00,044 CRIT Server 'unix_http_server' running without any HTTP authentication checking
2019-06-13 08:04:00,045 INFO supervisord started with pid 1
2019-06-13 08:04:01,052 INFO spawned: 'cc-backend-async_02' with pid 7
2019-06-13 08:04:01,060 INFO spawned: 'cc-backend-async_03' with pid 8
2019-06-13 08:04:01,078 INFO spawned: 'cc-backend-async_00' with pid 9
2019-06-13 08:04:01,086 INFO spawned: 'cc-backend-async_01' with pid 10
2019-06-13 08:04:01,093 INFO spawned: 'cc-backend-worker-default_03' with pid 11
2019-06-13 08:04:01,098 INFO spawned: 'cc-backend-worker-default_02' with pid 12
2019-06-13 08:04:01,103 INFO spawned: 'cc-backend-worker-default_01' with pid 13
2019-06-13 08:04:01,130 INFO spawned: 'cc-backend-worker-default_00' with pid 14
2019-06-13 08:04:02,135 INFO success: cc-backend-async_02 entered RUNNING state, process has stayed up for > than 1 seconds (startsecs)
2019-06-13 08:04:02,136 INFO success: cc-backend-async_03 entered RUNNING state, process has stayed up for > than 1 seconds (startsecs)
2019-06-13 08:04:02,139 INFO success: cc-backend-async_00 entered RUNNING state, process has stayed up for > than 1 seconds (startsecs)
2019-06-13 08:04:02,141 INFO success: cc-backend-async_01 entered RUNNING state, process has stayed up for > than 1 seconds (startsecs)
2019-06-13 08:04:02,142 INFO success: cc-backend-worker-default_03 entered RUNNING state, process has stayed up for > than 1 seconds (startsecs)
2019-06-13 08:04:02,143 INFO success: cc-backend-worker-default_02 entered RUNNING state, process has stayed up for > than 1 seconds (startsecs)
2019-06-13 08:04:02,146 INFO success: cc-backend-worker-default_01 entered RUNNING state, process has stayed up for > than 1 seconds (startsecs)
2019-06-13 08:04:02,147 INFO success: cc-backend-worker-default_00 entered RUNNING state, process has stayed up for > than 1 seconds (startsecs)
2019-06-13 08:05:24,985 WARN received SIGTERM indicating exit request
2019-06-13 08:05:25,024 INFO waiting for cc-backend-async_02, cc-backend-async_03, cc-backend-async_00, cc-backend-async_01, cc-backend-worker-default_03, cc-backend-worker-default_02, cc-backend-worker-default_01, cc-backend-worker-default_00 to die
2019-06-13 08:05:25,034 INFO stopped: cc-backend-worker-default_00 (terminated by SIGTERM)
2019-06-13 08:05:25,038 INFO stopped: cc-backend-worker-default_01 (terminated by SIGTERM)
2019-06-13 08:05:25,054 INFO stopped: cc-backend-worker-default_02 (terminated by SIGTERM)
2019-06-13 08:05:25,055 INFO stopped: cc-backend-worker-default_03 (terminated by SIGTERM)
2019-06-13 08:05:25,096 INFO stopped: cc-backend-async_03 (terminated by SIGTERM)
2019-06-13 08:05:25,105 INFO stopped: cc-backend-async_02 (terminated by SIGTERM)
2019-06-13 08:05:25,114 INFO stopped: cc-backend-async_00 (terminated by SIGTERM)
2019-06-13 08:05:25,114 INFO stopped: cc-backend-async_01 (terminated by SIGTERM)
2019-06-13 08:05:27,998 CRIT Supervisor is running as root.  Privileges were not dropped because no user is specified in the config file.  If you intend to run as root, you can set user=root in the config file to avoid this message.
2019-06-13 08:05:27,998 WARN For [program:cc-backend-worker-default], redirect_stderr=true but stderr_logfile has also been set to a filename, the filename has been ignored
2019-06-13 08:05:27,999 WARN For [program:cc-backend-worker-default], redirect_stderr=true but stderr_logfile has also been set to a filename, the filename has been ignored
2019-06-13 08:05:28,000 WARN For [program:cc-backend-worker-default], redirect_stderr=true but stderr_logfile has also been set to a filename, the filename has been ignored
2019-06-13 08:05:28,000 WARN For [program:cc-backend-worker-default], redirect_stderr=true but stderr_logfile has also been set to a filename, the filename has been ignored
2019-06-13 08:05:28,001 WARN For [program:cc-backend-async], redirect_stderr=true but stderr_logfile has also been set to a filename, the filename has been ignored
2019-06-13 08:05:28,002 WARN For [program:cc-backend-async], redirect_stderr=true but stderr_logfile has also been set to a filename, the filename has been ignored
2019-06-13 08:05:28,003 WARN For [program:cc-backend-async], redirect_stderr=true but stderr_logfile has also been set to a filename, the filename has been ignored
2019-06-13 08:05:28,003 WARN For [program:cc-backend-async], redirect_stderr=true but stderr_logfile has also been set to a filename, the filename has been ignored
2019-06-13 08:05:28,004 INFO Included extra file "/etc/supervisor/conf.d/cc-backend.local.conf" during parsing
2019-06-13 08:05:28,016 INFO RPC interface 'supervisor' initialized
2019-06-13 08:05:28,017 CRIT Server 'unix_http_server' running without any HTTP authentication checking
2019-06-13 08:05:28,018 INFO supervisord started with pid 1
2019-06-13 08:05:29,024 INFO spawned: 'cc-backend-async_02' with pid 7
2019-06-13 08:05:29,029 INFO spawned: 'cc-backend-async_03' with pid 8
2019-06-13 08:05:29,042 INFO spawned: 'cc-backend-async_00' with pid 9
2019-06-13 08:05:29,058 INFO spawned: 'cc-backend-async_01' with pid 10
2019-06-13 08:05:29,074 INFO spawned: 'cc-backend-worker-default_03' with pid 11
2019-06-13 08:05:29,095 INFO spawned: 'cc-backend-worker-default_02' with pid 12
2019-06-13 08:05:29,120 INFO spawned: 'cc-backend-worker-default_01' with pid 13
2019-06-13 08:05:29,149 INFO spawned: 'cc-backend-worker-default_00' with pid 14
2019-06-13 08:05:30,161 INFO success: cc-backend-async_02 entered RUNNING state, process has stayed up for > than 1 seconds (startsecs)
2019-06-13 08:05:30,161 INFO success: cc-backend-async_03 entered RUNNING state, process has stayed up for > than 1 seconds (startsecs)
2019-06-13 08:05:30,162 INFO success: cc-backend-async_00 entered RUNNING state, process has stayed up for > than 1 seconds (startsecs)
2019-06-13 08:05:30,163 INFO success: cc-backend-async_01 entered RUNNING state, process has stayed up for > than 1 seconds (startsecs)
2019-06-13 08:05:30,164 INFO success: cc-backend-worker-default_03 entered RUNNING state, process has stayed up for > than 1 seconds (startsecs)
2019-06-13 08:05:30,164 INFO success: cc-backend-worker-default_02 entered RUNNING state, process has stayed up for > than 1 seconds (startsecs)
2019-06-13 08:05:30,166 INFO success: cc-backend-worker-default_01 entered RUNNING state, process has stayed up for > than 1 seconds (startsecs)
2019-06-13 08:05:30,167 INFO success: cc-backend-worker-default_00 entered RUNNING state, process has stayed up for > than 1 seconds (startsecs)
2019-06-13 08:09:22,632 WARN received SIGTERM indicating exit request
2019-06-13 08:09:22,639 INFO waiting for cc-backend-async_02, cc-backend-async_03, cc-backend-async_00, cc-backend-async_01, cc-backend-worker-default_03, cc-backend-worker-default_02, cc-backend-worker-default_01, cc-backend-worker-default_00 to die
2019-06-13 08:09:22,640 INFO stopped: cc-backend-worker-default_02 (terminated by SIGTERM)
2019-06-13 08:09:22,644 INFO stopped: cc-backend-worker-default_03 (terminated by SIGTERM)
2019-06-13 08:09:22,646 INFO stopped: cc-backend-worker-default_00 (terminated by SIGTERM)
2019-06-13 08:09:22,652 INFO stopped: cc-backend-worker-default_01 (terminated by SIGTERM)
2019-06-13 08:09:22,675 INFO stopped: cc-backend-async_02 (terminated by SIGTERM)
2019-06-13 08:09:22,675 INFO stopped: cc-backend-async_03 (terminated by SIGTERM)
2019-06-13 08:09:22,676 INFO stopped: cc-backend-async_00 (terminated by SIGTERM)
2019-06-13 08:09:22,677 INFO stopped: cc-backend-async_01 (terminated by SIGTERM)
2019-06-13 08:09:25,356 CRIT Supervisor is running as root.  Privileges were not dropped because no user is specified in the config file.  If you intend to run as root, you can set user=root in the config file to avoid this message.
2019-06-13 08:09:25,356 WARN For [program:cc-backend-worker-default], redirect_stderr=true but stderr_logfile has also been set to a filename, the filename has been ignored
2019-06-13 08:09:25,357 WARN For [program:cc-backend-worker-default], redirect_stderr=true but stderr_logfile has also been set to a filename, the filename has been ignored
2019-06-13 08:09:25,358 WARN For [program:cc-backend-worker-default], redirect_stderr=true but stderr_logfile has also been set to a filename, the filename has been ignored
2019-06-13 08:09:25,358 WARN For [program:cc-backend-worker-default], redirect_stderr=true but stderr_logfile has also been set to a filename, the filename has been ignored
2019-06-13 08:09:25,359 WARN For [program:cc-backend-async], redirect_stderr=true but stderr_logfile has also been set to a filename, the filename has been ignored
2019-06-13 08:09:25,359 WARN For [program:cc-backend-async], redirect_stderr=true but stderr_logfile has also been set to a filename, the filename has been ignored
2019-06-13 08:09:25,360 WARN For [program:cc-backend-async], redirect_stderr=true but stderr_logfile has also been set to a filename, the filename has been ignored
2019-06-13 08:09:25,361 WARN For [program:cc-backend-async], redirect_stderr=true but stderr_logfile has also been set to a filename, the filename has been ignored
2019-06-13 08:09:25,362 INFO Included extra file "/etc/supervisor/conf.d/cc-backend.local.conf" during parsing
2019-06-13 08:09:25,383 INFO RPC interface 'supervisor' initialized
2019-06-13 08:09:25,384 CRIT Server 'unix_http_server' running without any HTTP authentication checking
2019-06-13 08:09:25,384 INFO supervisord started with pid 1
2019-06-13 08:09:26,390 INFO spawned: 'cc-backend-async_02' with pid 7
2019-06-13 08:09:26,394 INFO spawned: 'cc-backend-async_03' with pid 8
2019-06-13 08:09:26,398 INFO spawned: 'cc-backend-async_00' with pid 9
2019-06-13 08:09:26,403 INFO spawned: 'cc-backend-async_01' with pid 10
2019-06-13 08:09:26,408 INFO spawned: 'cc-backend-worker-default_03' with pid 11
2019-06-13 08:09:26,412 INFO spawned: 'cc-backend-worker-default_02' with pid 12
2019-06-13 08:09:26,432 INFO spawned: 'cc-backend-worker-default_01' with pid 13
2019-06-13 08:09:26,439 INFO spawned: 'cc-backend-worker-default_00' with pid 14
2019-06-13 08:09:27,442 INFO success: cc-backend-async_02 entered RUNNING state, process has stayed up for > than 1 seconds (startsecs)
2019-06-13 08:09:27,443 INFO success: cc-backend-async_03 entered RUNNING state, process has stayed up for > than 1 seconds (startsecs)
2019-06-13 08:09:27,446 INFO success: cc-backend-async_00 entered RUNNING state, process has stayed up for > than 1 seconds (startsecs)
2019-06-13 08:09:27,448 INFO success: cc-backend-async_01 entered RUNNING state, process has stayed up for > than 1 seconds (startsecs)
2019-06-13 08:09:27,450 INFO success: cc-backend-worker-default_03 entered RUNNING state, process has stayed up for > than 1 seconds (startsecs)
2019-06-13 08:09:27,452 INFO success: cc-backend-worker-default_02 entered RUNNING state, process has stayed up for > than 1 seconds (startsecs)
2019-06-13 08:09:27,454 INFO success: cc-backend-worker-default_01 entered RUNNING state, process has stayed up for > than 1 seconds (startsecs)
2019-06-13 08:09:27,458 INFO success: cc-backend-worker-default_00 entered RUNNING state, process has stayed up for > than 1 seconds (startsecs)
2019-06-13 08:51:23,844 WARN received SIGTERM indicating exit request
2019-06-13 08:51:23,901 INFO waiting for cc-backend-async_02, cc-backend-async_03, cc-backend-async_00, cc-backend-async_01, cc-backend-worker-default_03, cc-backend-worker-default_02, cc-backend-worker-default_01, cc-backend-worker-default_00 to die
2019-06-13 08:51:24,003 INFO stopped: cc-backend-worker-default_03 (terminated by SIGTERM)
2019-06-13 08:51:24,003 INFO stopped: cc-backend-worker-default_00 (terminated by SIGTERM)
2019-06-13 08:51:24,006 INFO stopped: cc-backend-worker-default_01 (terminated by SIGTERM)
2019-06-13 08:51:24,019 INFO stopped: cc-backend-worker-default_02 (terminated by SIGTERM)
2019-06-13 08:51:24,086 INFO stopped: cc-backend-async_01 (terminated by SIGTERM)
2019-06-13 08:51:24,096 INFO stopped: cc-backend-async_00 (terminated by SIGTERM)
2019-06-13 08:51:24,133 INFO stopped: cc-backend-async_03 (terminated by SIGTERM)
2019-06-13 08:51:24,147 INFO stopped: cc-backend-async_02 (terminated by SIGTERM)
2019-06-13 08:51:26,740 CRIT Supervisor is running as root.  Privileges were not dropped because no user is specified in the config file.  If you intend to run as root, you can set user=root in the config file to avoid this message.
2019-06-13 08:51:26,740 WARN For [program:cc-backend-worker-default], redirect_stderr=true but stderr_logfile has also been set to a filename, the filename has been ignored
2019-06-13 08:51:26,741 WARN For [program:cc-backend-worker-default], redirect_stderr=true but stderr_logfile has also been set to a filename, the filename has been ignored
2019-06-13 08:51:26,742 WARN For [program:cc-backend-worker-default], redirect_stderr=true but stderr_logfile has also been set to a filename, the filename has been ignored
2019-06-13 08:51:26,742 WARN For [program:cc-backend-worker-default], redirect_stderr=true but stderr_logfile has also been set to a filename, the filename has been ignored
2019-06-13 08:51:26,743 WARN For [program:cc-backend-async], redirect_stderr=true but stderr_logfile has also been set to a filename, the filename has been ignored
2019-06-13 08:51:26,743 WARN For [program:cc-backend-async], redirect_stderr=true but stderr_logfile has also been set to a filename, the filename has been ignored
2019-06-13 08:51:26,744 WARN For [program:cc-backend-async], redirect_stderr=true but stderr_logfile has also been set to a filename, the filename has been ignored
2019-06-13 08:51:26,745 WARN For [program:cc-backend-async], redirect_stderr=true but stderr_logfile has also been set to a filename, the filename has been ignored
2019-06-13 08:51:26,745 INFO Included extra file "/etc/supervisor/conf.d/cc-backend.local.conf" during parsing
2019-06-13 08:51:26,757 INFO RPC interface 'supervisor' initialized
2019-06-13 08:51:26,758 CRIT Server 'unix_http_server' running without any HTTP authentication checking
2019-06-13 08:51:26,758 INFO supervisord started with pid 1
2019-06-13 08:51:27,767 INFO spawned: 'cc-backend-async_02' with pid 7
2019-06-13 08:51:27,775 INFO spawned: 'cc-backend-async_03' with pid 8
2019-06-13 08:51:27,780 INFO spawned: 'cc-backend-async_00' with pid 9
2019-06-13 08:51:27,786 INFO spawned: 'cc-backend-async_01' with pid 10
2019-06-13 08:51:27,797 INFO spawned: 'cc-backend-worker-default_03' with pid 11
2019-06-13 08:51:27,805 INFO spawned: 'cc-backend-worker-default_02' with pid 12
2019-06-13 08:51:27,828 INFO spawned: 'cc-backend-worker-default_01' with pid 13
2019-06-13 08:51:27,833 INFO spawned: 'cc-backend-worker-default_00' with pid 14
2019-06-13 08:51:28,837 INFO success: cc-backend-async_02 entered RUNNING state, process has stayed up for > than 1 seconds (startsecs)
2019-06-13 08:51:28,838 INFO success: cc-backend-async_03 entered RUNNING state, process has stayed up for > than 1 seconds (startsecs)
2019-06-13 08:51:28,840 INFO success: cc-backend-async_00 entered RUNNING state, process has stayed up for > than 1 seconds (startsecs)
2019-06-13 08:51:28,842 INFO success: cc-backend-async_01 entered RUNNING state, process has stayed up for > than 1 seconds (startsecs)
2019-06-13 08:51:28,843 INFO success: cc-backend-worker-default_03 entered RUNNING state, process has stayed up for > than 1 seconds (startsecs)
2019-06-13 08:51:28,844 INFO success: cc-backend-worker-default_02 entered RUNNING state, process has stayed up for > than 1 seconds (startsecs)
2019-06-13 08:51:28,845 INFO success: cc-backend-worker-default_01 entered RUNNING state, process has stayed up for > than 1 seconds (startsecs)
2019-06-13 08:51:28,846 INFO success: cc-backend-worker-default_00 entered RUNNING state, process has stayed up for > than 1 seconds (startsecs)
2019-06-13 09:02:04,927 INFO waiting for cc-backend-async_02, cc-backend-async_03, cc-backend-async_00, cc-backend-async_01, cc-backend-worker-default_03, cc-backend-worker-default_02, cc-backend-worker-default_01, cc-backend-worker-default_00 to die
2019-06-13 09:02:04,929 INFO stopped: cc-backend-worker-default_03 (terminated by SIGTERM)
2019-06-13 09:02:04,930 INFO stopped: cc-backend-worker-default_01 (terminated by SIGTERM)
2019-06-13 09:02:04,930 INFO stopped: cc-backend-worker-default_00 (terminated by SIGTERM)
2019-06-13 09:02:04,941 INFO stopped: cc-backend-worker-default_02 (terminated by SIGTERM)
2019-06-13 09:02:04,952 INFO stopped: cc-backend-async_02 (terminated by SIGTERM)
2019-06-13 09:02:04,952 INFO stopped: cc-backend-async_03 (terminated by SIGTERM)
2019-06-13 09:02:04,953 INFO stopped: cc-backend-async_00 (terminated by SIGTERM)
2019-06-13 09:02:04,954 INFO stopped: cc-backend-async_01 (terminated by SIGTERM)
2019-06-13 09:02:04,986 CRIT Supervisor is running as root.  Privileges were not dropped because no user is specified in the config file.  If you intend to run as root, you can set user=root in the config file to avoid this message.
2019-06-13 09:02:04,987 WARN For [program:cc-backend-worker-default], redirect_stderr=true but stderr_logfile has also been set to a filename, the filename has been ignored
2019-06-13 09:02:04,987 WARN For [program:cc-backend-worker-default], redirect_stderr=true but stderr_logfile has also been set to a filename, the filename has been ignored
2019-06-13 09:02:04,988 WARN For [program:cc-backend-worker-default], redirect_stderr=true but stderr_logfile has also been set to a filename, the filename has been ignored
2019-06-13 09:02:04,989 WARN For [program:cc-backend-worker-default], redirect_stderr=true but stderr_logfile has also been set to a filename, the filename has been ignored
2019-06-13 09:02:04,989 WARN For [program:cc-backend-async], redirect_stderr=true but stderr_logfile has also been set to a filename, the filename has been ignored
2019-06-13 09:02:04,989 WARN For [program:cc-backend-async], redirect_stderr=true but stderr_logfile has also been set to a filename, the filename has been ignored
2019-06-13 09:02:04,990 WARN For [program:cc-backend-async], redirect_stderr=true but stderr_logfile has also been set to a filename, the filename has been ignored
2019-06-13 09:02:04,991 WARN For [program:cc-backend-async], redirect_stderr=true but stderr_logfile has also been set to a filename, the filename has been ignored
2019-06-13 09:02:04,991 WARN For [program:swoole-h5-api], redirect_stderr=true but stderr_logfile has also been set to a filename, the filename has been ignored
2019-06-13 09:02:04,991 INFO Included extra file "/etc/supervisor/conf.d/cc-backend.local.conf" during parsing
2019-06-13 09:02:04,992 INFO Included extra file "/etc/supervisor/conf.d/lumen.local.conf" during parsing
2019-06-13 09:02:04,994 INFO RPC interface 'supervisor' initialized
2019-06-13 09:02:04,995 CRIT Server 'unix_http_server' running without any HTTP authentication checking
2019-06-13 09:02:04,995 INFO supervisord started with pid 1
2019-06-13 09:02:05,997 INFO spawnerr: can't find command '/usr/local/server/php/bin/php'
2019-06-13 09:02:06,003 INFO spawned: 'cc-backend-async_02' with pid 112
2019-06-13 09:02:06,016 INFO spawned: 'cc-backend-async_03' with pid 113
2019-06-13 09:02:06,020 INFO spawned: 'cc-backend-async_00' with pid 114
2019-06-13 09:02:06,024 INFO spawned: 'cc-backend-async_01' with pid 115
2019-06-13 09:02:06,031 INFO spawned: 'cc-backend-worker-default_03' with pid 116
2019-06-13 09:02:06,040 INFO spawned: 'cc-backend-worker-default_02' with pid 117
2019-06-13 09:02:06,048 INFO spawned: 'cc-backend-worker-default_01' with pid 118
2019-06-13 09:02:06,061 INFO spawned: 'cc-backend-worker-default_00' with pid 119
2019-06-13 09:02:07,071 INFO spawnerr: can't find command '/usr/local/server/php/bin/php'
2019-06-13 09:02:07,072 INFO success: cc-backend-async_02 entered RUNNING state, process has stayed up for > than 1 seconds (startsecs)
2019-06-13 09:02:07,073 INFO success: cc-backend-async_03 entered RUNNING state, process has stayed up for > than 1 seconds (startsecs)
2019-06-13 09:02:07,075 INFO success: cc-backend-async_00 entered RUNNING state, process has stayed up for > than 1 seconds (startsecs)
2019-06-13 09:02:07,077 INFO success: cc-backend-async_01 entered RUNNING state, process has stayed up for > than 1 seconds (startsecs)
2019-06-13 09:02:07,078 INFO success: cc-backend-worker-default_03 entered RUNNING state, process has stayed up for > than 1 seconds (startsecs)
2019-06-13 09:02:07,081 INFO success: cc-backend-worker-default_02 entered RUNNING state, process has stayed up for > than 1 seconds (startsecs)
2019-06-13 09:02:07,082 INFO success: cc-backend-worker-default_01 entered RUNNING state, process has stayed up for > than 1 seconds (startsecs)
2019-06-13 09:02:07,084 INFO success: cc-backend-worker-default_00 entered RUNNING state, process has stayed up for > than 1 seconds (startsecs)
2019-06-13 09:02:09,091 INFO spawnerr: can't find command '/usr/local/server/php/bin/php'
2019-06-13 09:02:09,711 INFO waiting for cc-backend-async_02 to stop
2019-06-13 09:02:09,713 INFO waiting for cc-backend-async_03 to stop
2019-06-13 09:02:09,714 INFO waiting for cc-backend-async_00 to stop
2019-06-13 09:02:09,715 INFO waiting for cc-backend-async_01 to stop
2019-06-13 09:02:09,716 INFO waiting for cc-backend-worker-default_03 to stop
2019-06-13 09:02:09,717 INFO waiting for cc-backend-worker-default_02 to stop
2019-06-13 09:02:09,717 INFO waiting for cc-backend-worker-default_01 to stop
2019-06-13 09:02:09,718 INFO waiting for cc-backend-worker-default_00 to stop
2019-06-13 09:02:09,719 INFO stopped: cc-backend-worker-default_03 (terminated by SIGTERM)
2019-06-13 09:02:09,720 INFO stopped: cc-backend-worker-default_00 (terminated by SIGTERM)
2019-06-13 09:02:09,724 INFO stopped: cc-backend-worker-default_01 (terminated by SIGTERM)
2019-06-13 09:02:09,732 INFO stopped: cc-backend-async_02 (terminated by SIGTERM)
2019-06-13 09:02:09,732 INFO stopped: cc-backend-async_03 (terminated by SIGTERM)
2019-06-13 09:02:09,733 INFO stopped: cc-backend-async_00 (terminated by SIGTERM)
2019-06-13 09:02:09,733 INFO stopped: cc-backend-async_01 (terminated by SIGTERM)
2019-06-13 09:02:09,734 INFO stopped: cc-backend-worker-default_02 (terminated by SIGTERM)
2019-06-13 09:02:10,753 INFO spawned: 'cc-backend-async_02' with pid 121
2019-06-13 09:02:10,757 INFO spawned: 'cc-backend-async_03' with pid 122
2019-06-13 09:02:10,761 INFO spawned: 'cc-backend-async_00' with pid 123
2019-06-13 09:02:10,765 INFO spawned: 'cc-backend-async_01' with pid 124
2019-06-13 09:02:10,790 INFO spawned: 'cc-backend-worker-default_03' with pid 125
2019-06-13 09:02:10,794 INFO spawned: 'cc-backend-worker-default_02' with pid 126
2019-06-13 09:02:10,799 INFO spawned: 'cc-backend-worker-default_01' with pid 127
2019-06-13 09:02:10,809 INFO spawned: 'cc-backend-worker-default_00' with pid 128
2019-06-13 09:02:11,817 INFO success: cc-backend-async_02 entered RUNNING state, process has stayed up for > than 1 seconds (startsecs)
2019-06-13 09:02:11,818 INFO success: cc-backend-async_03 entered RUNNING state, process has stayed up for > than 1 seconds (startsecs)
2019-06-13 09:02:11,819 INFO success: cc-backend-async_00 entered RUNNING state, process has stayed up for > than 1 seconds (startsecs)
2019-06-13 09:02:11,820 INFO success: cc-backend-async_01 entered RUNNING state, process has stayed up for > than 1 seconds (startsecs)
2019-06-13 09:02:11,822 INFO success: cc-backend-worker-default_03 entered RUNNING state, process has stayed up for > than 1 seconds (startsecs)
2019-06-13 09:02:11,823 INFO success: cc-backend-worker-default_02 entered RUNNING state, process has stayed up for > than 1 seconds (startsecs)
2019-06-13 09:02:11,824 INFO success: cc-backend-worker-default_01 entered RUNNING state, process has stayed up for > than 1 seconds (startsecs)
2019-06-13 09:02:11,824 INFO success: cc-backend-worker-default_00 entered RUNNING state, process has stayed up for > than 1 seconds (startsecs)
2019-06-13 09:02:15,915 INFO waiting for cc-backend-async_02, cc-backend-async_03, cc-backend-async_00, cc-backend-async_01, cc-backend-worker-default_03, cc-backend-worker-default_02, cc-backend-worker-default_01, cc-backend-worker-default_00 to die
2019-06-13 09:02:15,920 INFO stopped: cc-backend-worker-default_03 (terminated by SIGTERM)
2019-06-13 09:02:15,930 INFO stopped: cc-backend-worker-default_02 (terminated by SIGTERM)
2019-06-13 09:02:15,932 INFO stopped: cc-backend-worker-default_00 (terminated by SIGTERM)
2019-06-13 09:02:15,937 INFO stopped: cc-backend-worker-default_01 (terminated by SIGTERM)
2019-06-13 09:02:15,947 INFO stopped: cc-backend-async_01 (terminated by SIGTERM)
2019-06-13 09:02:15,950 INFO stopped: cc-backend-async_00 (terminated by SIGTERM)
2019-06-13 09:02:15,950 INFO stopped: cc-backend-async_02 (terminated by SIGTERM)
2019-06-13 09:02:15,951 INFO stopped: cc-backend-async_03 (terminated by SIGTERM)
2019-06-13 09:02:15,983 CRIT Supervisor is running as root.  Privileges were not dropped because no user is specified in the config file.  If you intend to run as root, you can set user=root in the config file to avoid this message.
2019-06-13 09:02:15,984 WARN For [program:cc-backend-worker-default], redirect_stderr=true but stderr_logfile has also been set to a filename, the filename has been ignored
2019-06-13 09:02:15,984 WARN For [program:cc-backend-worker-default], redirect_stderr=true but stderr_logfile has also been set to a filename, the filename has been ignored
2019-06-13 09:02:15,985 WARN For [program:cc-backend-worker-default], redirect_stderr=true but stderr_logfile has also been set to a filename, the filename has been ignored
2019-06-13 09:02:15,985 WARN For [program:cc-backend-worker-default], redirect_stderr=true but stderr_logfile has also been set to a filename, the filename has been ignored
2019-06-13 09:02:15,986 WARN For [program:cc-backend-async], redirect_stderr=true but stderr_logfile has also been set to a filename, the filename has been ignored
2019-06-13 09:02:15,986 WARN For [program:cc-backend-async], redirect_stderr=true but stderr_logfile has also been set to a filename, the filename has been ignored
2019-06-13 09:02:15,987 WARN For [program:cc-backend-async], redirect_stderr=true but stderr_logfile has also been set to a filename, the filename has been ignored
2019-06-13 09:02:15,987 WARN For [program:cc-backend-async], redirect_stderr=true but stderr_logfile has also been set to a filename, the filename has been ignored
2019-06-13 09:02:15,988 WARN For [program:swoole-h5-api], redirect_stderr=true but stderr_logfile has also been set to a filename, the filename has been ignored
2019-06-13 09:02:15,988 INFO Included extra file "/etc/supervisor/conf.d/cc-backend.local.conf" during parsing
2019-06-13 09:02:15,989 INFO Included extra file "/etc/supervisor/conf.d/lumen.local.conf" during parsing
2019-06-13 09:02:15,991 INFO RPC interface 'supervisor' initialized
2019-06-13 09:02:15,992 CRIT Server 'unix_http_server' running without any HTTP authentication checking
2019-06-13 09:02:15,992 INFO supervisord started with pid 1
2019-06-13 09:02:16,996 INFO spawnerr: can't find command '/usr/local/server/php/bin/php'
2019-06-13 09:02:17,001 INFO spawned: 'cc-backend-async_02' with pid 178
2019-06-13 09:02:17,023 INFO spawned: 'cc-backend-async_03' with pid 179
2019-06-13 09:02:17,030 INFO spawned: 'cc-backend-async_00' with pid 180
2019-06-13 09:02:17,037 INFO spawned: 'cc-backend-async_01' with pid 181
2019-06-13 09:02:17,043 INFO spawned: 'cc-backend-worker-default_03' with pid 182
2019-06-13 09:02:17,052 INFO spawned: 'cc-backend-worker-default_02' with pid 183
2019-06-13 09:02:17,067 INFO spawned: 'cc-backend-worker-default_01' with pid 184
2019-06-13 09:02:17,083 INFO spawned: 'cc-backend-worker-default_00' with pid 185
2019-06-13 09:02:18,087 INFO spawnerr: can't find command '/usr/local/server/php/bin/php'
2019-06-13 09:02:18,088 INFO success: cc-backend-async_02 entered RUNNING state, process has stayed up for > than 1 seconds (startsecs)
2019-06-13 09:02:18,089 INFO success: cc-backend-async_03 entered RUNNING state, process has stayed up for > than 1 seconds (startsecs)
2019-06-13 09:02:18,090 INFO success: cc-backend-async_00 entered RUNNING state, process has stayed up for > than 1 seconds (startsecs)
2019-06-13 09:02:18,091 INFO success: cc-backend-async_01 entered RUNNING state, process has stayed up for > than 1 seconds (startsecs)
2019-06-13 09:02:18,093 INFO success: cc-backend-worker-default_03 entered RUNNING state, process has stayed up for > than 1 seconds (startsecs)
2019-06-13 09:02:18,094 INFO success: cc-backend-worker-default_02 entered RUNNING state, process has stayed up for > than 1 seconds (startsecs)
2019-06-13 09:02:18,095 INFO success: cc-backend-worker-default_01 entered RUNNING state, process has stayed up for > than 1 seconds (startsecs)
2019-06-13 09:02:18,096 INFO success: cc-backend-worker-default_00 entered RUNNING state, process has stayed up for > than 1 seconds (startsecs)
2019-06-13 09:02:20,103 INFO spawnerr: can't find command '/usr/local/server/php/bin/php'
2019-06-13 09:02:23,431 INFO spawnerr: can't find command '/usr/local/server/php/bin/php'
2019-06-13 09:02:23,432 INFO gave up: swoole-h5-api entered FATAL state, too many start retries too quickly
2019-06-13 09:02:42,479 INFO waiting for cc-backend-async_02, cc-backend-async_03, cc-backend-async_00, cc-backend-async_01, cc-backend-worker-default_03, cc-backend-worker-default_02, cc-backend-worker-default_01, cc-backend-worker-default_00 to die
2019-06-13 09:02:42,485 INFO stopped: cc-backend-worker-default_03 (terminated by SIGTERM)
2019-06-13 09:02:42,486 INFO stopped: cc-backend-worker-default_00 (terminated by SIGTERM)
2019-06-13 09:02:42,494 INFO stopped: cc-backend-worker-default_02 (terminated by SIGTERM)
2019-06-13 09:02:42,496 INFO stopped: cc-backend-worker-default_01 (terminated by SIGTERM)
2019-06-13 09:02:42,507 INFO stopped: cc-backend-async_00 (terminated by SIGTERM)
2019-06-13 09:02:42,510 INFO stopped: cc-backend-async_01 (terminated by SIGTERM)
2019-06-13 09:02:42,517 INFO stopped: cc-backend-async_03 (terminated by SIGTERM)
2019-06-13 09:02:42,519 INFO stopped: cc-backend-async_02 (terminated by SIGTERM)
2019-06-13 09:02:42,544 CRIT Supervisor is running as root.  Privileges were not dropped because no user is specified in the config file.  If you intend to run as root, you can set user=root in the config file to avoid this message.
2019-06-13 09:02:42,545 WARN For [program:cc-backend-worker-default], redirect_stderr=true but stderr_logfile has also been set to a filename, the filename has been ignored
2019-06-13 09:02:42,545 WARN For [program:cc-backend-worker-default], redirect_stderr=true but stderr_logfile has also been set to a filename, the filename has been ignored
2019-06-13 09:02:42,546 WARN For [program:cc-backend-worker-default], redirect_stderr=true but stderr_logfile has also been set to a filename, the filename has been ignored
2019-06-13 09:02:42,546 WARN For [program:cc-backend-worker-default], redirect_stderr=true but stderr_logfile has also been set to a filename, the filename has been ignored
2019-06-13 09:02:42,547 WARN For [program:cc-backend-async], redirect_stderr=true but stderr_logfile has also been set to a filename, the filename has been ignored
2019-06-13 09:02:42,547 WARN For [program:cc-backend-async], redirect_stderr=true but stderr_logfile has also been set to a filename, the filename has been ignored
2019-06-13 09:02:42,548 WARN For [program:cc-backend-async], redirect_stderr=true but stderr_logfile has also been set to a filename, the filename has been ignored
2019-06-13 09:02:42,548 WARN For [program:cc-backend-async], redirect_stderr=true but stderr_logfile has also been set to a filename, the filename has been ignored
2019-06-13 09:02:42,548 WARN For [program:swoole-h5-api], redirect_stderr=true but stderr_logfile has also been set to a filename, the filename has been ignored
2019-06-13 09:02:42,549 INFO Included extra file "/etc/supervisor/conf.d/cc-backend.local.conf" during parsing
2019-06-13 09:02:42,549 INFO Included extra file "/etc/supervisor/conf.d/lumen.local.conf" during parsing
2019-06-13 09:02:42,552 INFO RPC interface 'supervisor' initialized
2019-06-13 09:02:42,553 CRIT Server 'unix_http_server' running without any HTTP authentication checking
2019-06-13 09:02:42,554 INFO supervisord started with pid 1
2019-06-13 09:02:43,563 INFO spawned: 'swoole-h5-api' with pid 238
2019-06-13 09:02:43,575 INFO spawned: 'cc-backend-async_02' with pid 239
2019-06-13 09:02:43,580 INFO spawned: 'cc-backend-async_03' with pid 240
2019-06-13 09:02:43,592 INFO spawned: 'cc-backend-async_00' with pid 241
2019-06-13 09:02:43,596 INFO spawned: 'cc-backend-async_01' with pid 242
2019-06-13 09:02:43,602 INFO spawned: 'cc-backend-worker-default_03' with pid 243
2019-06-13 09:02:43,610 INFO spawned: 'cc-backend-worker-default_02' with pid 244
2019-06-13 09:02:43,617 INFO spawned: 'cc-backend-worker-default_01' with pid 245
2019-06-13 09:02:43,626 INFO spawned: 'cc-backend-worker-default_00' with pid 246
2019-06-13 09:02:43,627 INFO exited: swoole-h5-api (exit status 1; not expected)
2019-06-13 09:02:44,639 INFO spawned: 'swoole-h5-api' with pid 248
2019-06-13 09:02:44,641 INFO success: cc-backend-async_02 entered RUNNING state, process has stayed up for > than 1 seconds (startsecs)
2019-06-13 09:02:44,642 INFO success: cc-backend-async_03 entered RUNNING state, process has stayed up for > than 1 seconds (startsecs)
2019-06-13 09:02:44,642 INFO success: cc-backend-async_00 entered RUNNING state, process has stayed up for > than 1 seconds (startsecs)
2019-06-13 09:02:44,644 INFO success: cc-backend-async_01 entered RUNNING state, process has stayed up for > than 1 seconds (startsecs)
2019-06-13 09:02:44,644 INFO success: cc-backend-worker-default_03 entered RUNNING state, process has stayed up for > than 1 seconds (startsecs)
2019-06-13 09:02:44,646 INFO success: cc-backend-worker-default_02 entered RUNNING state, process has stayed up for > than 1 seconds (startsecs)
2019-06-13 09:02:44,647 INFO success: cc-backend-worker-default_01 entered RUNNING state, process has stayed up for > than 1 seconds (startsecs)
2019-06-13 09:02:44,648 INFO success: cc-backend-worker-default_00 entered RUNNING state, process has stayed up for > than 1 seconds (startsecs)
2019-06-13 09:02:44,773 INFO exited: swoole-h5-api (exit status 1; not expected)
2019-06-13 09:02:45,492 INFO waiting for cc-backend-async_02 to stop
2019-06-13 09:02:45,493 INFO waiting for cc-backend-async_03 to stop
2019-06-13 09:02:45,493 INFO waiting for cc-backend-async_00 to stop
2019-06-13 09:02:45,494 INFO waiting for cc-backend-async_01 to stop
2019-06-13 09:02:45,495 INFO waiting for cc-backend-worker-default_03 to stop
2019-06-13 09:02:45,495 INFO waiting for cc-backend-worker-default_02 to stop
2019-06-13 09:02:45,495 INFO waiting for cc-backend-worker-default_01 to stop
2019-06-13 09:02:45,496 INFO waiting for cc-backend-worker-default_00 to stop
2019-06-13 09:02:45,497 INFO stopped: cc-backend-async_02 (terminated by SIGTERM)
2019-06-13 09:02:45,497 INFO stopped: cc-backend-async_03 (terminated by SIGTERM)
2019-06-13 09:02:45,498 INFO stopped: cc-backend-async_00 (terminated by SIGTERM)
2019-06-13 09:02:45,499 INFO stopped: cc-backend-async_01 (terminated by SIGTERM)
2019-06-13 09:02:45,499 INFO stopped: cc-backend-worker-default_03 (terminated by SIGTERM)
2019-06-13 09:02:45,500 INFO stopped: cc-backend-worker-default_02 (terminated by SIGTERM)
2019-06-13 09:02:45,500 INFO stopped: cc-backend-worker-default_01 (terminated by SIGTERM)
2019-06-13 09:02:45,501 INFO stopped: cc-backend-worker-default_00 (terminated by SIGTERM)
2019-06-13 09:02:45,511 INFO spawned: 'swoole-h5-api' with pid 249
2019-06-13 09:02:45,515 INFO spawned: 'cc-backend-async_02' with pid 250
2019-06-13 09:02:45,519 INFO spawned: 'cc-backend-async_03' with pid 251
2019-06-13 09:02:45,523 INFO spawned: 'cc-backend-async_00' with pid 252
2019-06-13 09:02:45,527 INFO spawned: 'cc-backend-async_01' with pid 253
2019-06-13 09:02:45,531 INFO spawned: 'cc-backend-worker-default_03' with pid 254
2019-06-13 09:02:45,535 INFO spawned: 'cc-backend-worker-default_02' with pid 255
2019-06-13 09:02:45,539 INFO spawned: 'cc-backend-worker-default_01' with pid 256
2019-06-13 09:02:45,553 INFO spawned: 'cc-backend-worker-default_00' with pid 257
2019-06-13 09:02:45,590 INFO exited: swoole-h5-api (exit status 1; not expected)
2019-06-13 09:02:46,557 INFO success: cc-backend-async_02 entered RUNNING state, process has stayed up for > than 1 seconds (startsecs)
2019-06-13 09:02:46,558 INFO success: cc-backend-async_03 entered RUNNING state, process has stayed up for > than 1 seconds (startsecs)
2019-06-13 09:02:46,559 INFO success: cc-backend-async_00 entered RUNNING state, process has stayed up for > than 1 seconds (startsecs)
2019-06-13 09:02:46,560 INFO success: cc-backend-async_01 entered RUNNING state, process has stayed up for > than 1 seconds (startsecs)
2019-06-13 09:02:46,561 INFO success: cc-backend-worker-default_03 entered RUNNING state, process has stayed up for > than 1 seconds (startsecs)
2019-06-13 09:02:46,562 INFO success: cc-backend-worker-default_02 entered RUNNING state, process has stayed up for > than 1 seconds (startsecs)
2019-06-13 09:02:46,563 INFO success: cc-backend-worker-default_01 entered RUNNING state, process has stayed up for > than 1 seconds (startsecs)
2019-06-13 09:02:46,564 INFO success: cc-backend-worker-default_00 entered RUNNING state, process has stayed up for > than 1 seconds (startsecs)
2019-06-13 09:02:49,581 INFO spawned: 'swoole-h5-api' with pid 259
2019-06-13 09:02:49,965 INFO exited: swoole-h5-api (exit status 1; not expected)
2019-06-13 09:02:50,971 INFO gave up: swoole-h5-api entered FATAL state, too many start retries too quickly
2019-06-13 09:04:11,753 INFO waiting for cc-backend-async_02, cc-backend-async_03, cc-backend-async_00, cc-backend-async_01, cc-backend-worker-default_03, cc-backend-worker-default_02, cc-backend-worker-default_01, cc-backend-worker-default_00 to die
2019-06-13 09:04:11,781 INFO stopped: cc-backend-worker-default_03 (terminated by SIGTERM)
2019-06-13 09:04:11,782 INFO stopped: cc-backend-worker-default_02 (terminated by SIGTERM)
2019-06-13 09:04:11,783 INFO stopped: cc-backend-worker-default_01 (terminated by SIGTERM)
2019-06-13 09:04:11,784 INFO stopped: cc-backend-worker-default_00 (terminated by SIGTERM)
2019-06-13 09:04:11,797 INFO stopped: cc-backend-async_03 (terminated by SIGTERM)
2019-06-13 09:04:11,799 INFO stopped: cc-backend-async_00 (terminated by SIGTERM)
2019-06-13 09:04:11,800 INFO stopped: cc-backend-async_01 (terminated by SIGTERM)
2019-06-13 09:04:11,801 INFO stopped: cc-backend-async_02 (terminated by SIGTERM)
2019-06-13 09:04:11,828 CRIT Supervisor is running as root.  Privileges were not dropped because no user is specified in the config file.  If you intend to run as root, you can set user=root in the config file to avoid this message.
2019-06-13 09:04:11,829 WARN For [program:cc-backend-worker-default], redirect_stderr=true but stderr_logfile has also been set to a filename, the filename has been ignored
2019-06-13 09:04:11,829 WARN For [program:cc-backend-worker-default], redirect_stderr=true but stderr_logfile has also been set to a filename, the filename has been ignored
2019-06-13 09:04:11,830 WARN For [program:cc-backend-worker-default], redirect_stderr=true but stderr_logfile has also been set to a filename, the filename has been ignored
2019-06-13 09:04:11,830 WARN For [program:cc-backend-worker-default], redirect_stderr=true but stderr_logfile has also been set to a filename, the filename has been ignored
2019-06-13 09:04:11,831 WARN For [program:cc-backend-async], redirect_stderr=true but stderr_logfile has also been set to a filename, the filename has been ignored
2019-06-13 09:04:11,832 WARN For [program:cc-backend-async], redirect_stderr=true but stderr_logfile has also been set to a filename, the filename has been ignored
2019-06-13 09:04:11,832 WARN For [program:cc-backend-async], redirect_stderr=true but stderr_logfile has also been set to a filename, the filename has been ignored
2019-06-13 09:04:11,833 WARN For [program:cc-backend-async], redirect_stderr=true but stderr_logfile has also been set to a filename, the filename has been ignored
2019-06-13 09:04:11,833 WARN For [program:swoole-h5-api], redirect_stderr=true but stderr_logfile has also been set to a filename, the filename has been ignored
2019-06-13 09:04:11,834 INFO Included extra file "/etc/supervisor/conf.d/cc-backend.local.conf" during parsing
2019-06-13 09:04:11,834 INFO Included extra file "/etc/supervisor/conf.d/lumen.local.conf" during parsing
2019-06-13 09:04:11,837 INFO RPC interface 'supervisor' initialized
2019-06-13 09:04:11,837 CRIT Server 'unix_http_server' running without any HTTP authentication checking
2019-06-13 09:04:11,838 INFO supervisord started with pid 1
2019-06-13 09:04:12,844 INFO spawned: 'swoole-h5-api' with pid 320
2019-06-13 09:04:12,858 INFO spawned: 'cc-backend-async_02' with pid 321
2019-06-13 09:04:12,865 INFO spawned: 'cc-backend-async_03' with pid 322
2019-06-13 09:04:12,870 INFO spawned: 'cc-backend-async_00' with pid 323
2019-06-13 09:04:12,877 INFO spawned: 'cc-backend-async_01' with pid 324
2019-06-13 09:04:12,884 INFO spawned: 'cc-backend-worker-default_03' with pid 325
2019-06-13 09:04:12,941 INFO spawned: 'cc-backend-worker-default_02' with pid 326
2019-06-13 09:04:12,974 INFO spawned: 'cc-backend-worker-default_01' with pid 327
2019-06-13 09:04:13,000 INFO spawned: 'cc-backend-worker-default_00' with pid 328
2019-06-13 09:04:14,026 INFO success: swoole-h5-api entered RUNNING state, process has stayed up for > than 1 seconds (startsecs)
2019-06-13 09:04:14,027 INFO success: cc-backend-async_02 entered RUNNING state, process has stayed up for > than 1 seconds (startsecs)
2019-06-13 09:04:14,029 INFO success: cc-backend-async_03 entered RUNNING state, process has stayed up for > than 1 seconds (startsecs)
2019-06-13 09:04:14,030 INFO success: cc-backend-async_00 entered RUNNING state, process has stayed up for > than 1 seconds (startsecs)
2019-06-13 09:04:14,031 INFO success: cc-backend-async_01 entered RUNNING state, process has stayed up for > than 1 seconds (startsecs)
2019-06-13 09:04:14,032 INFO success: cc-backend-worker-default_03 entered RUNNING state, process has stayed up for > than 1 seconds (startsecs)
2019-06-13 09:04:14,033 INFO success: cc-backend-worker-default_02 entered RUNNING state, process has stayed up for > than 1 seconds (startsecs)
2019-06-13 09:04:14,034 INFO success: cc-backend-worker-default_01 entered RUNNING state, process has stayed up for > than 1 seconds (startsecs)
2019-06-13 09:04:14,035 INFO success: cc-backend-worker-default_00 entered RUNNING state, process has stayed up for > than 1 seconds (startsecs)
2019-06-13 09:04:17,611 INFO waiting for swoole-h5-api to stop
2019-06-13 09:04:17,621 INFO waiting for cc-backend-async_02 to stop
2019-06-13 09:04:17,622 INFO waiting for cc-backend-async_03 to stop
2019-06-13 09:04:17,625 INFO waiting for cc-backend-async_00 to stop
2019-06-13 09:04:17,625 INFO waiting for cc-backend-async_01 to stop
2019-06-13 09:04:17,629 INFO waiting for cc-backend-worker-default_03 to stop
2019-06-13 09:04:17,632 INFO waiting for cc-backend-worker-default_02 to stop
2019-06-13 09:04:17,636 INFO waiting for cc-backend-worker-default_01 to stop
2019-06-13 09:04:17,638 INFO waiting for cc-backend-worker-default_00 to stop
2019-06-13 09:04:17,645 INFO stopped: cc-backend-async_02 (terminated by SIGTERM)
2019-06-13 09:04:17,646 INFO stopped: cc-backend-async_03 (terminated by SIGTERM)
2019-06-13 09:04:17,648 INFO stopped: cc-backend-async_00 (terminated by SIGTERM)
2019-06-13 09:04:17,648 INFO stopped: cc-backend-async_01 (terminated by SIGTERM)
2019-06-13 09:04:17,649 INFO stopped: cc-backend-worker-default_03 (terminated by SIGTERM)
2019-06-13 09:04:17,650 INFO stopped: cc-backend-worker-default_02 (terminated by SIGTERM)
2019-06-13 09:04:17,651 INFO stopped: cc-backend-worker-default_01 (terminated by SIGTERM)
2019-06-13 09:04:17,651 INFO stopped: cc-backend-worker-default_00 (terminated by SIGTERM)
2019-06-13 09:04:18,744 INFO stopped: swoole-h5-api (exit status 0)
2019-06-13 09:04:19,758 INFO spawned: 'swoole-h5-api' with pid 349
2019-06-13 09:04:19,763 INFO spawned: 'cc-backend-async_02' with pid 350
2019-06-13 09:04:19,767 INFO spawned: 'cc-backend-async_03' with pid 351
2019-06-13 09:04:19,771 INFO spawned: 'cc-backend-async_00' with pid 352
2019-06-13 09:04:19,775 INFO spawned: 'cc-backend-async_01' with pid 353
2019-06-13 09:04:19,783 INFO spawned: 'cc-backend-worker-default_03' with pid 354
2019-06-13 09:04:19,786 INFO spawned: 'cc-backend-worker-default_02' with pid 355
2019-06-13 09:04:19,802 INFO spawned: 'cc-backend-worker-default_01' with pid 356
2019-06-13 09:04:19,829 INFO spawned: 'cc-backend-worker-default_00' with pid 357
2019-06-13 09:04:20,851 INFO success: swoole-h5-api entered RUNNING state, process has stayed up for > than 1 seconds (startsecs)
2019-06-13 09:04:20,851 INFO success: cc-backend-async_02 entered RUNNING state, process has stayed up for > than 1 seconds (startsecs)
2019-06-13 09:04:20,852 INFO success: cc-backend-async_03 entered RUNNING state, process has stayed up for > than 1 seconds (startsecs)
2019-06-13 09:04:20,853 INFO success: cc-backend-async_00 entered RUNNING state, process has stayed up for > than 1 seconds (startsecs)
2019-06-13 09:04:20,854 INFO success: cc-backend-async_01 entered RUNNING state, process has stayed up for > than 1 seconds (startsecs)
2019-06-13 09:04:20,855 INFO success: cc-backend-worker-default_03 entered RUNNING state, process has stayed up for > than 1 seconds (startsecs)
2019-06-13 09:04:20,855 INFO success: cc-backend-worker-default_02 entered RUNNING state, process has stayed up for > than 1 seconds (startsecs)
2019-06-13 09:04:20,856 INFO success: cc-backend-worker-default_01 entered RUNNING state, process has stayed up for > than 1 seconds (startsecs)
2019-06-13 09:04:20,857 INFO success: cc-backend-worker-default_00 entered RUNNING state, process has stayed up for > than 1 seconds (startsecs)
2019-06-13 09:06:43,584 WARN received SIGTERM indicating exit request
2019-06-13 09:06:43,594 INFO waiting for swoole-h5-api, cc-backend-async_02, cc-backend-async_03, cc-backend-async_00, cc-backend-async_01, cc-backend-worker-default_03, cc-backend-worker-default_02, cc-backend-worker-default_01, cc-backend-worker-default_00 to die
2019-06-13 09:06:43,595 INFO stopped: cc-backend-worker-default_03 (terminated by SIGTERM)
2019-06-13 09:06:43,598 INFO stopped: cc-backend-worker-default_00 (terminated by SIGTERM)
2019-06-13 09:06:43,599 INFO stopped: cc-backend-worker-default_01 (terminated by SIGTERM)
2019-06-13 09:06:43,600 INFO stopped: cc-backend-worker-default_02 (terminated by SIGTERM)
2019-06-13 09:06:43,609 INFO stopped: cc-backend-async_02 (terminated by SIGTERM)
2019-06-13 09:06:43,610 INFO stopped: cc-backend-async_01 (terminated by SIGTERM)
2019-06-13 09:06:43,615 INFO stopped: cc-backend-async_00 (terminated by SIGTERM)
2019-06-13 09:06:43,619 INFO stopped: cc-backend-async_03 (terminated by SIGTERM)
2019-06-13 09:06:43,670 INFO stopped: swoole-h5-api (exit status 0)
2019-06-13 09:06:47,407 CRIT Supervisor is running as root.  Privileges were not dropped because no user is specified in the config file.  If you intend to run as root, you can set user=root in the config file to avoid this message.
2019-06-13 09:06:47,409 WARN For [program:cc-backend-worker-default], redirect_stderr=true but stderr_logfile has also been set to a filename, the filename has been ignored
2019-06-13 09:06:47,410 WARN For [program:cc-backend-worker-default], redirect_stderr=true but stderr_logfile has also been set to a filename, the filename has been ignored
2019-06-13 09:06:47,411 WARN For [program:cc-backend-worker-default], redirect_stderr=true but stderr_logfile has also been set to a filename, the filename has been ignored
2019-06-13 09:06:47,411 WARN For [program:cc-backend-worker-default], redirect_stderr=true but stderr_logfile has also been set to a filename, the filename has been ignored
2019-06-13 09:06:47,412 WARN For [program:cc-backend-async], redirect_stderr=true but stderr_logfile has also been set to a filename, the filename has been ignored
2019-06-13 09:06:47,412 WARN For [program:cc-backend-async], redirect_stderr=true but stderr_logfile has also been set to a filename, the filename has been ignored
2019-06-13 09:06:47,413 WARN For [program:cc-backend-async], redirect_stderr=true but stderr_logfile has also been set to a filename, the filename has been ignored
2019-06-13 09:06:47,414 WARN For [program:cc-backend-async], redirect_stderr=true but stderr_logfile has also been set to a filename, the filename has been ignored
2019-06-13 09:06:47,415 WARN For [program:swoole-h5-api], redirect_stderr=true but stderr_logfile has also been set to a filename, the filename has been ignored
2019-06-13 09:06:47,416 INFO Included extra file "/etc/supervisor/conf.d/cc-backend.local.conf" during parsing
2019-06-13 09:06:47,417 INFO Included extra file "/etc/supervisor/conf.d/lumen.local.conf" during parsing
2019-06-13 09:06:47,446 INFO RPC interface 'supervisor' initialized
2019-06-13 09:06:47,447 CRIT Server 'unix_http_server' running without any HTTP authentication checking
2019-06-13 09:06:47,447 INFO supervisord started with pid 1
2019-06-13 09:06:48,452 INFO spawned: 'swoole-h5-api' with pid 7
2019-06-13 09:06:48,456 INFO spawned: 'cc-backend-async_02' with pid 8
2019-06-13 09:06:48,463 INFO spawned: 'cc-backend-async_03' with pid 9
2019-06-13 09:06:48,483 INFO spawned: 'cc-backend-async_00' with pid 10
2019-06-13 09:06:48,499 INFO spawned: 'cc-backend-async_01' with pid 11
2019-06-13 09:06:48,539 INFO spawned: 'cc-backend-worker-default_03' with pid 12
2019-06-13 09:06:48,553 INFO spawned: 'cc-backend-worker-default_02' with pid 13
2019-06-13 09:06:48,568 INFO spawned: 'cc-backend-worker-default_01' with pid 14
2019-06-13 09:06:48,597 INFO spawned: 'cc-backend-worker-default_00' with pid 15
2019-06-13 09:06:49,604 INFO success: swoole-h5-api entered RUNNING state, process has stayed up for > than 1 seconds (startsecs)
2019-06-13 09:06:49,606 INFO success: cc-backend-async_02 entered RUNNING state, process has stayed up for > than 1 seconds (startsecs)
2019-06-13 09:06:49,607 INFO success: cc-backend-async_03 entered RUNNING state, process has stayed up for > than 1 seconds (startsecs)
2019-06-13 09:06:49,612 INFO success: cc-backend-async_00 entered RUNNING state, process has stayed up for > than 1 seconds (startsecs)
2019-06-13 09:06:49,614 INFO success: cc-backend-async_01 entered RUNNING state, process has stayed up for > than 1 seconds (startsecs)
2019-06-13 09:06:49,620 INFO success: cc-backend-worker-default_03 entered RUNNING state, process has stayed up for > than 1 seconds (startsecs)
2019-06-13 09:06:49,621 INFO success: cc-backend-worker-default_02 entered RUNNING state, process has stayed up for > than 1 seconds (startsecs)
2019-06-13 09:06:49,622 INFO success: cc-backend-worker-default_01 entered RUNNING state, process has stayed up for > than 1 seconds (startsecs)
2019-06-13 09:06:49,624 INFO success: cc-backend-worker-default_00 entered RUNNING state, process has stayed up for > than 1 seconds (startsecs)
2019-06-13 09:42:32,911 WARN received SIGTERM indicating exit request
2019-06-13 09:42:32,925 INFO waiting for swoole-h5-api, cc-backend-async_02, cc-backend-async_03, cc-backend-async_00, cc-backend-async_01, cc-backend-worker-default_03, cc-backend-worker-default_02, cc-backend-worker-default_01, cc-backend-worker-default_00 to die
2019-06-13 09:42:32,926 INFO stopped: cc-backend-worker-default_02 (terminated by SIGTERM)
2019-06-13 09:42:32,927 INFO stopped: cc-backend-worker-default_00 (terminated by SIGTERM)
2019-06-13 09:42:32,936 INFO stopped: cc-backend-worker-default_03 (terminated by SIGTERM)
2019-06-13 09:42:32,937 INFO stopped: cc-backend-worker-default_01 (terminated by SIGTERM)
2019-06-13 09:42:32,989 INFO stopped: cc-backend-async_02 (terminated by SIGTERM)
2019-06-13 09:42:32,991 INFO stopped: cc-backend-async_03 (terminated by SIGTERM)
2019-06-13 09:42:32,992 INFO stopped: cc-backend-async_00 (terminated by SIGTERM)
2019-06-13 09:42:32,993 INFO stopped: cc-backend-async_01 (terminated by SIGTERM)
2019-06-13 09:42:33,047 INFO stopped: swoole-h5-api (exit status 0)
2019-06-13 09:43:09,342 CRIT Supervisor is running as root.  Privileges were not dropped because no user is specified in the config file.  If you intend to run as root, you can set user=root in the config file to avoid this message.
2019-06-13 09:43:09,343 WARN For [program:cc-backend-worker-default], redirect_stderr=true but stderr_logfile has also been set to a filename, the filename has been ignored
2019-06-13 09:43:09,343 WARN For [program:cc-backend-worker-default], redirect_stderr=true but stderr_logfile has also been set to a filename, the filename has been ignored
2019-06-13 09:43:09,344 WARN For [program:cc-backend-worker-default], redirect_stderr=true but stderr_logfile has also been set to a filename, the filename has been ignored
2019-06-13 09:43:09,344 WARN For [program:cc-backend-worker-default], redirect_stderr=true but stderr_logfile has also been set to a filename, the filename has been ignored
2019-06-13 09:43:09,345 WARN For [program:cc-backend-async], redirect_stderr=true but stderr_logfile has also been set to a filename, the filename has been ignored
2019-06-13 09:43:09,345 WARN For [program:cc-backend-async], redirect_stderr=true but stderr_logfile has also been set to a filename, the filename has been ignored
2019-06-13 09:43:09,345 WARN For [program:cc-backend-async], redirect_stderr=true but stderr_logfile has also been set to a filename, the filename has been ignored
2019-06-13 09:43:09,346 WARN For [program:cc-backend-async], redirect_stderr=true but stderr_logfile has also been set to a filename, the filename has been ignored
2019-06-13 09:43:09,346 WARN For [program:swoole-h5-api], redirect_stderr=true but stderr_logfile has also been set to a filename, the filename has been ignored
2019-06-13 09:43:09,346 INFO Included extra file "/etc/supervisor/conf.d/cc-backend.local.conf" during parsing
2019-06-13 09:43:09,347 INFO Included extra file "/etc/supervisor/conf.d/lumen.local.conf" during parsing
2019-06-13 09:43:09,356 INFO RPC interface 'supervisor' initialized
2019-06-13 09:43:09,358 CRIT Server 'unix_http_server' running without any HTTP authentication checking
2019-06-13 09:43:09,359 INFO supervisord started with pid 1
2019-06-13 09:43:10,385 INFO spawned: 'swoole-h5-api' with pid 7
2019-06-13 09:43:10,401 INFO spawned: 'cc-backend-async_02' with pid 8
2019-06-13 09:43:10,408 INFO spawned: 'cc-backend-async_03' with pid 9
2019-06-13 09:43:10,424 INFO spawned: 'cc-backend-async_00' with pid 10
2019-06-13 09:43:10,442 INFO spawned: 'cc-backend-async_01' with pid 11
2019-06-13 09:43:10,465 INFO spawned: 'cc-backend-worker-default_03' with pid 12
2019-06-13 09:43:10,478 INFO spawned: 'cc-backend-worker-default_02' with pid 13
2019-06-13 09:43:10,499 INFO spawned: 'cc-backend-worker-default_01' with pid 14
2019-06-13 09:43:10,512 INFO spawned: 'cc-backend-worker-default_00' with pid 15
2019-06-13 09:43:11,529 INFO success: swoole-h5-api entered RUNNING state, process has stayed up for > than 1 seconds (startsecs)
2019-06-13 09:43:11,551 INFO success: cc-backend-async_02 entered RUNNING state, process has stayed up for > than 1 seconds (startsecs)
2019-06-13 09:43:11,566 INFO success: cc-backend-async_03 entered RUNNING state, process has stayed up for > than 1 seconds (startsecs)
2019-06-13 09:43:11,571 INFO success: cc-backend-async_00 entered RUNNING state, process has stayed up for > than 1 seconds (startsecs)
2019-06-13 09:43:11,582 INFO success: cc-backend-async_01 entered RUNNING state, process has stayed up for > than 1 seconds (startsecs)
2019-06-13 09:43:11,588 INFO success: cc-backend-worker-default_03 entered RUNNING state, process has stayed up for > than 1 seconds (startsecs)
2019-06-13 09:43:11,595 INFO success: cc-backend-worker-default_02 entered RUNNING state, process has stayed up for > than 1 seconds (startsecs)
2019-06-13 09:43:11,601 INFO success: cc-backend-worker-default_01 entered RUNNING state, process has stayed up for > than 1 seconds (startsecs)
2019-06-13 09:43:11,604 INFO success: cc-backend-worker-default_00 entered RUNNING state, process has stayed up for > than 1 seconds (startsecs)
2019-06-13 10:05:30,157 INFO stopped: cc-backend-async_02 (terminated by SIGTERM)
2019-06-13 10:05:30,165 INFO stopped: cc-backend-async_03 (terminated by SIGTERM)
2019-06-13 10:05:30,171 INFO stopped: cc-backend-async_00 (terminated by SIGTERM)
2019-06-13 10:05:30,184 INFO stopped: swoole-h5-api (exit status 0)
2019-06-13 10:05:30,185 INFO stopped: cc-backend-async_01 (terminated by SIGTERM)
2019-06-13 10:05:30,194 INFO stopped: cc-backend-worker-default_03 (terminated by SIGTERM)
2019-06-13 10:05:30,195 INFO stopped: cc-backend-worker-default_02 (terminated by SIGTERM)
2019-06-13 10:05:30,200 INFO stopped: cc-backend-worker-default_01 (terminated by SIGTERM)
2019-06-13 10:05:30,204 INFO stopped: cc-backend-worker-default_00 (terminated by SIGTERM)
2019-06-13 10:08:37,892 CRIT Supervisor is running as root.  Privileges were not dropped because no user is specified in the config file.  If you intend to run as root, you can set user=root in the config file to avoid this message.
2019-06-13 10:08:37,893 WARN For [program:cc-backend-worker-default], redirect_stderr=true but stderr_logfile has also been set to a filename, the filename has been ignored
2019-06-13 10:08:37,894 WARN For [program:cc-backend-worker-default], redirect_stderr=true but stderr_logfile has also been set to a filename, the filename has been ignored
2019-06-13 10:08:37,894 WARN For [program:cc-backend-worker-default], redirect_stderr=true but stderr_logfile has also been set to a filename, the filename has been ignored
2019-06-13 10:08:37,895 WARN For [program:cc-backend-worker-default], redirect_stderr=true but stderr_logfile has also been set to a filename, the filename has been ignored
2019-06-13 10:08:37,896 WARN For [program:cc-backend-async], redirect_stderr=true but stderr_logfile has also been set to a filename, the filename has been ignored
2019-06-13 10:08:37,896 WARN For [program:cc-backend-async], redirect_stderr=true but stderr_logfile has also been set to a filename, the filename has been ignored
2019-06-13 10:08:37,897 WARN For [program:cc-backend-async], redirect_stderr=true but stderr_logfile has also been set to a filename, the filename has been ignored
2019-06-13 10:08:37,897 WARN For [program:cc-backend-async], redirect_stderr=true but stderr_logfile has also been set to a filename, the filename has been ignored
2019-06-13 10:08:37,898 WARN For [program:swoole-h5-api], redirect_stderr=true but stderr_logfile has also been set to a filename, the filename has been ignored
2019-06-13 10:08:37,899 INFO Included extra file "/etc/supervisor/conf.d/cc-backend.local.conf" during parsing
2019-06-13 10:08:37,899 INFO Included extra file "/etc/supervisor/conf.d/lumen.local.conf" during parsing
2019-06-13 10:08:37,902 INFO RPC interface 'supervisor' initialized
2019-06-13 10:08:37,902 CRIT Server 'unix_http_server' running without any HTTP authentication checking
2019-06-13 10:08:37,903 INFO supervisord started with pid 1
2019-06-13 10:08:38,909 INFO spawned: 'swoole-h5-api' with pid 158
2019-06-13 10:08:38,927 INFO spawned: 'cc-backend-async_02' with pid 159
2019-06-13 10:08:38,931 INFO spawned: 'cc-backend-async_03' with pid 160
2019-06-13 10:08:38,936 INFO spawned: 'cc-backend-async_00' with pid 161
2019-06-13 10:08:38,942 INFO spawned: 'cc-backend-async_01' with pid 162
2019-06-13 10:08:38,965 INFO spawned: 'cc-backend-worker-default_03' with pid 163
2019-06-13 10:08:38,986 INFO spawned: 'cc-backend-worker-default_02' with pid 164
2019-06-13 10:08:38,999 INFO spawned: 'cc-backend-worker-default_01' with pid 165
2019-06-13 10:08:39,012 INFO spawned: 'cc-backend-worker-default_00' with pid 166
2019-06-13 10:08:40,016 INFO success: swoole-h5-api entered RUNNING state, process has stayed up for > than 1 seconds (startsecs)
2019-06-13 10:08:40,017 INFO success: cc-backend-async_02 entered RUNNING state, process has stayed up for > than 1 seconds (startsecs)
2019-06-13 10:08:40,019 INFO success: cc-backend-async_03 entered RUNNING state, process has stayed up for > than 1 seconds (startsecs)
2019-06-13 10:08:40,020 INFO success: cc-backend-async_00 entered RUNNING state, process has stayed up for > than 1 seconds (startsecs)
2019-06-13 10:08:40,020 INFO success: cc-backend-async_01 entered RUNNING state, process has stayed up for > than 1 seconds (startsecs)
2019-06-13 10:08:40,021 INFO success: cc-backend-worker-default_03 entered RUNNING state, process has stayed up for > than 1 seconds (startsecs)
2019-06-13 10:08:40,021 INFO success: cc-backend-worker-default_02 entered RUNNING state, process has stayed up for > than 1 seconds (startsecs)
2019-06-13 10:08:40,022 INFO success: cc-backend-worker-default_01 entered RUNNING state, process has stayed up for > than 1 seconds (startsecs)
2019-06-13 10:08:40,023 INFO success: cc-backend-worker-default_00 entered RUNNING state, process has stayed up for > than 1 seconds (startsecs)
2019-06-13 10:08:44,486 INFO stopped: cc-backend-async_00 (terminated by SIGTERM)
2019-06-13 10:08:44,504 INFO stopped: cc-backend-async_02 (terminated by SIGTERM)
2019-06-13 10:08:44,516 INFO stopped: cc-backend-async_03 (terminated by SIGTERM)
2019-06-13 10:08:44,534 INFO stopped: cc-backend-worker-default_03 (terminated by SIGTERM)
2019-06-13 10:08:44,545 INFO waiting for swoole-h5-api to stop
2019-06-13 10:08:44,547 INFO waiting for cc-backend-async_01 to stop
2019-06-13 10:08:44,548 INFO waiting for cc-backend-worker-default_02 to stop
2019-06-13 10:08:44,550 INFO waiting for cc-backend-worker-default_01 to stop
2019-06-13 10:08:44,551 INFO waiting for cc-backend-worker-default_00 to stop
2019-06-13 10:08:44,555 INFO stopped: cc-backend-async_01 (terminated by SIGTERM)
2019-06-13 10:08:44,558 INFO stopped: cc-backend-worker-default_02 (terminated by SIGTERM)
2019-06-13 10:08:44,562 INFO stopped: cc-backend-worker-default_01 (terminated by SIGTERM)
2019-06-13 10:08:44,563 INFO stopped: cc-backend-worker-default_00 (terminated by SIGTERM)
2019-06-13 10:08:44,564 INFO reaped unknown pid 217
2019-06-13 10:08:44,578 INFO reaped unknown pid 221
2019-06-13 10:08:45,099 INFO stopped: swoole-h5-api (exit status 0)
2019-06-13 10:08:46,113 INFO spawned: 'swoole-h5-api' with pid 226
2019-06-13 10:08:46,118 INFO spawned: 'cc-backend-async_02' with pid 227
2019-06-13 10:08:46,121 INFO spawned: 'cc-backend-async_03' with pid 228
2019-06-13 10:08:46,125 INFO spawned: 'cc-backend-async_00' with pid 229
2019-06-13 10:08:46,146 INFO spawned: 'cc-backend-async_01' with pid 230
2019-06-13 10:08:46,159 INFO spawned: 'cc-backend-worker-default_03' with pid 231
2019-06-13 10:08:46,170 INFO spawned: 'cc-backend-worker-default_02' with pid 232
2019-06-13 10:08:46,182 INFO spawned: 'cc-backend-worker-default_01' with pid 233
2019-06-13 10:08:46,195 INFO spawned: 'cc-backend-worker-default_00' with pid 234
2019-06-13 10:08:47,203 INFO success: swoole-h5-api entered RUNNING state, process has stayed up for > than 1 seconds (startsecs)
2019-06-13 10:08:47,204 INFO success: cc-backend-async_02 entered RUNNING state, process has stayed up for > than 1 seconds (startsecs)
2019-06-13 10:08:47,206 INFO success: cc-backend-async_03 entered RUNNING state, process has stayed up for > than 1 seconds (startsecs)
2019-06-13 10:08:47,207 INFO success: cc-backend-async_00 entered RUNNING state, process has stayed up for > than 1 seconds (startsecs)
2019-06-13 10:08:47,208 INFO success: cc-backend-async_01 entered RUNNING state, process has stayed up for > than 1 seconds (startsecs)
2019-06-13 10:08:47,210 INFO success: cc-backend-worker-default_03 entered RUNNING state, process has stayed up for > than 1 seconds (startsecs)
2019-06-13 10:08:47,212 INFO success: cc-backend-worker-default_02 entered RUNNING state, process has stayed up for > than 1 seconds (startsecs)
2019-06-13 10:08:47,213 INFO success: cc-backend-worker-default_01 entered RUNNING state, process has stayed up for > than 1 seconds (startsecs)
2019-06-13 10:08:47,215 INFO success: cc-backend-worker-default_00 entered RUNNING state, process has stayed up for > than 1 seconds (startsecs)
2019-06-13 10:29:07,630 WARN received SIGTERM indicating exit request
2019-06-13 10:29:07,637 INFO waiting for swoole-h5-api, cc-backend-async_02, cc-backend-async_03, cc-backend-async_00, cc-backend-async_01, cc-backend-worker-default_03, cc-backend-worker-default_02, cc-backend-worker-default_01, cc-backend-worker-default_00 to die
2019-06-13 10:29:07,642 INFO stopped: cc-backend-worker-default_03 (terminated by SIGTERM)
2019-06-13 10:29:07,643 INFO stopped: cc-backend-worker-default_02 (terminated by SIGTERM)
2019-06-13 10:29:07,643 INFO stopped: cc-backend-worker-default_01 (terminated by SIGTERM)
2019-06-13 10:29:07,644 INFO stopped: cc-backend-worker-default_00 (terminated by SIGTERM)
2019-06-13 10:29:07,655 INFO stopped: cc-backend-async_02 (terminated by SIGTERM)
2019-06-13 10:29:07,656 INFO stopped: cc-backend-async_03 (terminated by SIGTERM)
2019-06-13 10:29:07,656 INFO stopped: cc-backend-async_01 (terminated by SIGTERM)
2019-06-13 10:29:07,660 INFO stopped: cc-backend-async_00 (terminated by SIGTERM)
2019-06-13 10:29:07,697 INFO stopped: swoole-h5-api (exit status 0)
2019-06-13 10:29:25,870 CRIT Supervisor is running as root.  Privileges were not dropped because no user is specified in the config file.  If you intend to run as root, you can set user=root in the config file to avoid this message.
2019-06-13 10:29:25,870 WARN For [program:cc-backend-worker-default], redirect_stderr=true but stderr_logfile has also been set to a filename, the filename has been ignored
2019-06-13 10:29:25,871 WARN For [program:cc-backend-worker-default], redirect_stderr=true but stderr_logfile has also been set to a filename, the filename has been ignored
2019-06-13 10:29:25,872 WARN For [program:cc-backend-worker-default], redirect_stderr=true but stderr_logfile has also been set to a filename, the filename has been ignored
2019-06-13 10:29:25,872 WARN For [program:cc-backend-worker-default], redirect_stderr=true but stderr_logfile has also been set to a filename, the filename has been ignored
2019-06-13 10:29:25,873 WARN For [program:cc-backend-async], redirect_stderr=true but stderr_logfile has also been set to a filename, the filename has been ignored
2019-06-13 10:29:25,874 WARN For [program:cc-backend-async], redirect_stderr=true but stderr_logfile has also been set to a filename, the filename has been ignored
2019-06-13 10:29:25,874 WARN For [program:cc-backend-async], redirect_stderr=true but stderr_logfile has also been set to a filename, the filename has been ignored
2019-06-13 10:29:25,875 WARN For [program:cc-backend-async], redirect_stderr=true but stderr_logfile has also been set to a filename, the filename has been ignored
2019-06-13 10:29:25,876 WARN For [program:swoole-h5-api], redirect_stderr=true but stderr_logfile has also been set to a filename, the filename has been ignored
2019-06-13 10:29:25,877 INFO Included extra file "/etc/supervisor/conf.d/cc-backend.local.conf" during parsing
2019-06-13 10:29:25,877 INFO Included extra file "/etc/supervisor/conf.d/lumen.local.conf" during parsing
2019-06-13 10:29:25,897 INFO RPC interface 'supervisor' initialized
2019-06-13 10:29:25,898 CRIT Server 'unix_http_server' running without any HTTP authentication checking
2019-06-13 10:29:25,899 INFO supervisord started with pid 1
2019-06-13 10:29:26,906 INFO spawned: 'swoole-h5-api' with pid 7
2019-06-13 10:29:26,925 INFO spawned: 'cc-backend-async_02' with pid 8
2019-06-13 10:29:26,934 INFO spawned: 'cc-backend-async_03' with pid 9
2019-06-13 10:29:26,938 INFO spawned: 'cc-backend-async_00' with pid 10
2019-06-13 10:29:26,943 INFO spawned: 'cc-backend-async_01' with pid 11
2019-06-13 10:29:26,952 INFO spawned: 'cc-backend-worker-default_03' with pid 12
2019-06-13 10:29:26,962 INFO spawned: 'cc-backend-worker-default_02' with pid 13
2019-06-13 10:29:26,972 INFO spawned: 'cc-backend-worker-default_01' with pid 14
2019-06-13 10:29:26,990 INFO spawned: 'cc-backend-worker-default_00' with pid 15
2019-06-13 10:29:28,011 INFO success: swoole-h5-api entered RUNNING state, process has stayed up for > than 1 seconds (startsecs)
2019-06-13 10:29:28,013 INFO success: cc-backend-async_02 entered RUNNING state, process has stayed up for > than 1 seconds (startsecs)
2019-06-13 10:29:28,015 INFO success: cc-backend-async_03 entered RUNNING state, process has stayed up for > than 1 seconds (startsecs)
2019-06-13 10:29:28,016 INFO success: cc-backend-async_00 entered RUNNING state, process has stayed up for > than 1 seconds (startsecs)
2019-06-13 10:29:28,017 INFO success: cc-backend-async_01 entered RUNNING state, process has stayed up for > than 1 seconds (startsecs)
2019-06-13 10:29:28,019 INFO success: cc-backend-worker-default_03 entered RUNNING state, process has stayed up for > than 1 seconds (startsecs)
2019-06-13 10:29:28,020 INFO success: cc-backend-worker-default_02 entered RUNNING state, process has stayed up for > than 1 seconds (startsecs)
2019-06-13 10:29:28,021 INFO success: cc-backend-worker-default_01 entered RUNNING state, process has stayed up for > than 1 seconds (startsecs)
2019-06-13 10:29:28,023 INFO success: cc-backend-worker-default_00 entered RUNNING state, process has stayed up for > than 1 seconds (startsecs)
2019-06-13 10:30:45,514 WARN received SIGTERM indicating exit request
2019-06-13 10:30:45,526 INFO waiting for swoole-h5-api, cc-backend-async_02, cc-backend-async_03, cc-backend-async_00, cc-backend-async_01, cc-backend-worker-default_03, cc-backend-worker-default_02, cc-backend-worker-default_01, cc-backend-worker-default_00 to die
2019-06-13 10:30:45,527 INFO stopped: cc-backend-worker-default_03 (terminated by SIGTERM)
2019-06-13 10:30:45,528 INFO stopped: cc-backend-worker-default_02 (terminated by SIGTERM)
2019-06-13 10:30:45,528 INFO stopped: cc-backend-worker-default_01 (terminated by SIGTERM)
2019-06-13 10:30:45,529 INFO stopped: cc-backend-worker-default_00 (terminated by SIGTERM)
2019-06-13 10:30:45,546 INFO stopped: cc-backend-async_02 (terminated by SIGTERM)
2019-06-13 10:30:45,546 INFO stopped: cc-backend-async_03 (terminated by SIGTERM)
2019-06-13 10:30:45,547 INFO stopped: cc-backend-async_00 (terminated by SIGTERM)
2019-06-13 10:30:45,548 INFO stopped: cc-backend-async_01 (terminated by SIGTERM)
2019-06-13 10:30:45,581 INFO stopped: swoole-h5-api (exit status 0)
2019-06-13 10:59:24,387 CRIT Supervisor running as root (no user in config file)
2019-06-13 10:59:24,388 WARN Included extra file "/etc/supervisor/conf.d/cc-backend.local.conf" during parsing
2019-06-13 10:59:24,389 WARN Included extra file "/etc/supervisor/conf.d/lumen.local.conf" during parsing
2019-06-13 10:59:24,399 INFO RPC interface 'supervisor' initialized
2019-06-13 10:59:24,400 CRIT Server 'unix_http_server' running without any HTTP authentication checking
2019-06-13 10:59:24,401 INFO supervisord started with pid 1
2019-06-13 10:59:25,408 INFO spawned: 'swoole-h5-api' with pid 8
2019-06-13 10:59:25,414 INFO spawned: 'cc-backend-async_02' with pid 9
2019-06-13 10:59:25,429 INFO spawned: 'cc-backend-async_03' with pid 10
2019-06-13 10:59:25,434 INFO spawned: 'cc-backend-async_00' with pid 11
2019-06-13 10:59:25,441 INFO spawned: 'cc-backend-async_01' with pid 12
2019-06-13 10:59:25,455 INFO spawned: 'cc-backend-worker-default_03' with pid 13
2019-06-13 10:59:25,473 INFO spawned: 'cc-backend-worker-default_02' with pid 14
2019-06-13 10:59:25,494 INFO spawned: 'cc-backend-worker-default_01' with pid 15
2019-06-13 10:59:25,509 INFO spawned: 'cc-backend-worker-default_00' with pid 16
2019-06-13 10:59:26,521 INFO success: swoole-h5-api entered RUNNING state, process has stayed up for > than 1 seconds (startsecs)
2019-06-13 10:59:26,522 INFO success: cc-backend-async_02 entered RUNNING state, process has stayed up for > than 1 seconds (startsecs)
2019-06-13 10:59:26,523 INFO success: cc-backend-async_03 entered RUNNING state, process has stayed up for > than 1 seconds (startsecs)
2019-06-13 10:59:26,524 INFO success: cc-backend-async_00 entered RUNNING state, process has stayed up for > than 1 seconds (startsecs)
2019-06-13 10:59:26,525 INFO success: cc-backend-async_01 entered RUNNING state, process has stayed up for > than 1 seconds (startsecs)
2019-06-13 10:59:26,526 INFO success: cc-backend-worker-default_03 entered RUNNING state, process has stayed up for > than 1 seconds (startsecs)
2019-06-13 10:59:26,527 INFO success: cc-backend-worker-default_02 entered RUNNING state, process has stayed up for > than 1 seconds (startsecs)
2019-06-13 10:59:26,528 INFO success: cc-backend-worker-default_01 entered RUNNING state, process has stayed up for > than 1 seconds (startsecs)
2019-06-13 10:59:26,529 INFO success: cc-backend-worker-default_00 entered RUNNING state, process has stayed up for > than 1 seconds (startsecs)
2019-06-13 13:03:15,635 WARN received SIGTERM indicating exit request
2019-06-13 13:03:15,639 INFO waiting for swoole-h5-api, cc-backend-async_02, cc-backend-async_03, cc-backend-async_00, cc-backend-async_01, cc-backend-worker-default_03, cc-backend-worker-default_02, cc-backend-worker-default_01, cc-backend-worker-default_00 to die
2019-06-13 13:03:15,649 INFO stopped: cc-backend-worker-default_03 (terminated by SIGTERM)
2019-06-13 13:03:15,649 INFO stopped: cc-backend-worker-default_02 (terminated by SIGTERM)
2019-06-13 13:03:15,650 INFO stopped: cc-backend-worker-default_01 (terminated by SIGTERM)
2019-06-13 13:03:15,650 INFO stopped: cc-backend-worker-default_00 (terminated by SIGTERM)
2019-06-13 13:03:15,661 INFO stopped: cc-backend-async_02 (terminated by SIGTERM)
2019-06-13 13:03:15,662 INFO stopped: cc-backend-async_03 (terminated by SIGTERM)
2019-06-13 13:03:15,663 INFO stopped: cc-backend-async_00 (terminated by SIGTERM)
2019-06-13 13:03:15,663 INFO stopped: cc-backend-async_01 (terminated by SIGTERM)
2019-06-13 13:03:15,702 INFO stopped: swoole-h5-api (exit status 0)
2019-06-13 13:03:18,160 CRIT Supervisor running as root (no user in config file)
2019-06-13 13:03:18,160 WARN Included extra file "/etc/supervisor/conf.d/cc-backend.local.conf" during parsing
2019-06-13 13:03:18,161 WARN Included extra file "/etc/supervisor/conf.d/lumen.local.conf" during parsing
2019-06-13 13:03:18,169 INFO RPC interface 'supervisor' initialized
2019-06-13 13:03:18,169 CRIT Server 'unix_http_server' running without any HTTP authentication checking
2019-06-13 13:03:18,170 INFO supervisord started with pid 1
2019-06-13 13:03:19,178 INFO spawned: 'swoole-h5-api' with pid 8
2019-06-13 13:03:19,189 INFO spawned: 'cc-backend-async_02' with pid 9
2019-06-13 13:03:19,194 INFO spawned: 'cc-backend-async_03' with pid 10
2019-06-13 13:03:19,199 INFO spawned: 'cc-backend-async_00' with pid 11
2019-06-13 13:03:19,203 INFO spawned: 'cc-backend-async_01' with pid 12
2019-06-13 13:03:19,217 INFO spawned: 'cc-backend-worker-default_03' with pid 13
2019-06-13 13:03:19,230 INFO spawned: 'cc-backend-worker-default_02' with pid 14
2019-06-13 13:03:19,237 INFO spawned: 'cc-backend-worker-default_01' with pid 15
2019-06-13 13:03:19,249 INFO spawned: 'cc-backend-worker-default_00' with pid 16
2019-06-13 13:03:20,258 INFO success: swoole-h5-api entered RUNNING state, process has stayed up for > than 1 seconds (startsecs)
2019-06-13 13:03:20,259 INFO success: cc-backend-async_02 entered RUNNING state, process has stayed up for > than 1 seconds (startsecs)
2019-06-13 13:03:20,260 INFO success: cc-backend-async_03 entered RUNNING state, process has stayed up for > than 1 seconds (startsecs)
2019-06-13 13:03:20,261 INFO success: cc-backend-async_00 entered RUNNING state, process has stayed up for > than 1 seconds (startsecs)
2019-06-13 13:03:20,262 INFO success: cc-backend-async_01 entered RUNNING state, process has stayed up for > than 1 seconds (startsecs)
2019-06-13 13:03:20,263 INFO success: cc-backend-worker-default_03 entered RUNNING state, process has stayed up for > than 1 seconds (startsecs)
2019-06-13 13:03:20,264 INFO success: cc-backend-worker-default_02 entered RUNNING state, process has stayed up for > than 1 seconds (startsecs)
2019-06-13 13:03:20,265 INFO success: cc-backend-worker-default_01 entered RUNNING state, process has stayed up for > than 1 seconds (startsecs)
2019-06-13 13:03:20,266 INFO success: cc-backend-worker-default_00 entered RUNNING state, process has stayed up for > than 1 seconds (startsecs)
2019-06-13 13:04:40,502 WARN received SIGTERM indicating exit request
2019-06-13 13:04:40,503 INFO waiting for swoole-h5-api, cc-backend-async_02, cc-backend-async_03, cc-backend-async_00, cc-backend-async_01, cc-backend-worker-default_03, cc-backend-worker-default_02, cc-backend-worker-default_01, cc-backend-worker-default_00 to die
2019-06-13 13:04:40,513 INFO stopped: cc-backend-worker-default_03 (terminated by SIGTERM)
2019-06-13 13:04:40,514 INFO stopped: cc-backend-worker-default_02 (terminated by SIGTERM)
2019-06-13 13:04:40,514 INFO stopped: cc-backend-worker-default_01 (terminated by SIGTERM)
2019-06-13 13:04:40,515 INFO stopped: cc-backend-worker-default_00 (terminated by SIGTERM)
2019-06-13 13:04:40,524 INFO stopped: cc-backend-async_03 (terminated by SIGTERM)
2019-06-13 13:04:40,528 INFO stopped: cc-backend-async_02 (terminated by SIGTERM)
2019-06-13 13:04:40,529 INFO stopped: cc-backend-async_00 (terminated by SIGTERM)
2019-06-13 13:04:40,529 INFO stopped: cc-backend-async_01 (terminated by SIGTERM)
2019-06-13 13:04:40,568 INFO stopped: swoole-h5-api (exit status 0)
2019-06-13 13:04:42,812 CRIT Supervisor running as root (no user in config file)
2019-06-13 13:04:42,813 WARN Included extra file "/etc/supervisor/conf.d/cc-backend.local.conf" during parsing
2019-06-13 13:04:42,813 WARN Included extra file "/etc/supervisor/conf.d/lumen.local.conf" during parsing
2019-06-13 13:04:42,822 INFO RPC interface 'supervisor' initialized
2019-06-13 13:04:42,823 CRIT Server 'unix_http_server' running without any HTTP authentication checking
2019-06-13 13:04:42,824 INFO supervisord started with pid 1
2019-06-13 13:04:43,830 INFO spawned: 'swoole-h5-api' with pid 8
2019-06-13 13:04:43,835 INFO spawned: 'cc-backend-async_02' with pid 9
2019-06-13 13:04:43,839 INFO spawned: 'cc-backend-async_03' with pid 10
2019-06-13 13:04:43,843 INFO spawned: 'cc-backend-async_00' with pid 11
2019-06-13 13:04:43,847 INFO spawned: 'cc-backend-async_01' with pid 12
2019-06-13 13:04:43,851 INFO spawned: 'cc-backend-worker-default_03' with pid 13
2019-06-13 13:04:43,854 INFO spawned: 'cc-backend-worker-default_02' with pid 14
2019-06-13 13:04:43,862 INFO spawned: 'cc-backend-worker-default_01' with pid 15
2019-06-13 13:04:43,870 INFO spawned: 'cc-backend-worker-default_00' with pid 16
2019-06-13 13:04:44,877 INFO success: swoole-h5-api entered RUNNING state, process has stayed up for > than 1 seconds (startsecs)
2019-06-13 13:04:44,877 INFO success: cc-backend-async_02 entered RUNNING state, process has stayed up for > than 1 seconds (startsecs)
2019-06-13 13:04:44,878 INFO success: cc-backend-async_03 entered RUNNING state, process has stayed up for > than 1 seconds (startsecs)
2019-06-13 13:04:44,879 INFO success: cc-backend-async_00 entered RUNNING state, process has stayed up for > than 1 seconds (startsecs)
2019-06-13 13:04:44,879 INFO success: cc-backend-async_01 entered RUNNING state, process has stayed up for > than 1 seconds (startsecs)
2019-06-13 13:04:44,880 INFO success: cc-backend-worker-default_03 entered RUNNING state, process has stayed up for > than 1 seconds (startsecs)
2019-06-13 13:04:44,881 INFO success: cc-backend-worker-default_02 entered RUNNING state, process has stayed up for > than 1 seconds (startsecs)
2019-06-13 13:04:44,883 INFO success: cc-backend-worker-default_01 entered RUNNING state, process has stayed up for > than 1 seconds (startsecs)
2019-06-13 13:04:44,884 INFO success: cc-backend-worker-default_00 entered RUNNING state, process has stayed up for > than 1 seconds (startsecs)
2019-06-13 13:04:52,229 WARN received SIGTERM indicating exit request
2019-06-13 13:04:52,230 INFO waiting for swoole-h5-api, cc-backend-async_02, cc-backend-async_03, cc-backend-async_00, cc-backend-async_01, cc-backend-worker-default_03, cc-backend-worker-default_02, cc-backend-worker-default_01, cc-backend-worker-default_00 to die
2019-06-13 13:04:52,238 INFO stopped: cc-backend-worker-default_03 (terminated by SIGTERM)
2019-06-13 13:04:52,240 INFO stopped: cc-backend-worker-default_02 (terminated by SIGTERM)
2019-06-13 13:04:52,241 INFO stopped: cc-backend-worker-default_01 (terminated by SIGTERM)
2019-06-13 13:04:52,241 INFO stopped: cc-backend-worker-default_00 (terminated by SIGTERM)
2019-06-13 13:04:52,262 INFO stopped: cc-backend-async_00 (terminated by SIGTERM)
2019-06-13 13:04:52,264 INFO stopped: cc-backend-async_03 (terminated by SIGTERM)
2019-06-13 13:04:52,264 INFO stopped: cc-backend-async_02 (terminated by SIGTERM)
2019-06-13 13:04:52,265 INFO stopped: cc-backend-async_01 (terminated by SIGTERM)
2019-06-13 13:04:52,292 INFO stopped: swoole-h5-api (exit status 0)
2019-06-13 13:05:28,298 CRIT Supervisor running as root (no user in config file)
2019-06-13 13:05:28,299 WARN Included extra file "/etc/supervisor/conf.d/cc-backend.local.conf" during parsing
2019-06-13 13:05:28,300 WARN Included extra file "/etc/supervisor/conf.d/lumen.local.conf" during parsing
2019-06-13 13:05:28,309 INFO RPC interface 'supervisor' initialized
2019-06-13 13:05:28,310 CRIT Server 'unix_http_server' running without any HTTP authentication checking
2019-06-13 13:05:28,312 INFO supervisord started with pid 1
2019-06-13 13:05:29,318 INFO spawned: 'swoole-h5-api' with pid 9
2019-06-13 13:05:29,336 INFO spawned: 'cc-backend-async_02' with pid 10
2019-06-13 13:05:29,340 INFO spawned: 'cc-backend-async_03' with pid 11
2019-06-13 13:05:29,343 INFO spawned: 'cc-backend-async_00' with pid 12
2019-06-13 13:05:29,347 INFO spawned: 'cc-backend-async_01' with pid 13
2019-06-13 13:05:29,354 INFO spawned: 'cc-backend-worker-default_03' with pid 14
2019-06-13 13:05:29,362 INFO spawned: 'cc-backend-worker-default_02' with pid 15
2019-06-13 13:05:29,380 INFO spawned: 'cc-backend-worker-default_01' with pid 16
2019-06-13 13:05:29,404 INFO spawned: 'cc-backend-worker-default_00' with pid 17
2019-06-13 13:05:30,414 INFO success: swoole-h5-api entered RUNNING state, process has stayed up for > than 1 seconds (startsecs)
2019-06-13 13:05:30,415 INFO success: cc-backend-async_02 entered RUNNING state, process has stayed up for > than 1 seconds (startsecs)
2019-06-13 13:05:30,417 INFO success: cc-backend-async_03 entered RUNNING state, process has stayed up for > than 1 seconds (startsecs)
2019-06-13 13:05:30,418 INFO success: cc-backend-async_00 entered RUNNING state, process has stayed up for > than 1 seconds (startsecs)
2019-06-13 13:05:30,419 INFO success: cc-backend-async_01 entered RUNNING state, process has stayed up for > than 1 seconds (startsecs)
2019-06-13 13:05:30,420 INFO success: cc-backend-worker-default_03 entered RUNNING state, process has stayed up for > than 1 seconds (startsecs)
2019-06-13 13:05:30,421 INFO success: cc-backend-worker-default_02 entered RUNNING state, process has stayed up for > than 1 seconds (startsecs)
2019-06-13 13:05:30,422 INFO success: cc-backend-worker-default_01 entered RUNNING state, process has stayed up for > than 1 seconds (startsecs)
2019-06-13 13:05:30,423 INFO success: cc-backend-worker-default_00 entered RUNNING state, process has stayed up for > than 1 seconds (startsecs)
2019-06-13 13:11:52,694 WARN received SIGTERM indicating exit request
2019-06-13 13:11:52,699 INFO waiting for swoole-h5-api, cc-backend-async_02, cc-backend-async_03, cc-backend-async_00, cc-backend-async_01, cc-backend-worker-default_03, cc-backend-worker-default_02, cc-backend-worker-default_01, cc-backend-worker-default_00 to die
2019-06-13 13:11:52,704 INFO stopped: cc-backend-worker-default_03 (terminated by SIGTERM)
2019-06-13 13:11:52,713 INFO stopped: cc-backend-worker-default_02 (terminated by SIGTERM)
2019-06-13 13:11:52,714 INFO stopped: cc-backend-worker-default_01 (terminated by SIGTERM)
2019-06-13 13:11:52,731 INFO stopped: cc-backend-worker-default_00 (terminated by SIGTERM)
2019-06-13 13:11:52,745 INFO stopped: cc-backend-async_03 (terminated by SIGTERM)
2019-06-13 13:11:52,747 INFO stopped: cc-backend-async_00 (terminated by SIGTERM)
2019-06-13 13:11:52,748 INFO stopped: cc-backend-async_01 (terminated by SIGTERM)
2019-06-13 13:11:52,751 INFO stopped: cc-backend-async_02 (terminated by SIGTERM)
2019-06-13 13:11:52,804 INFO stopped: swoole-h5-api (exit status 0)
2019-06-13 13:11:55,052 CRIT Supervisor running as root (no user in config file)
2019-06-13 13:11:55,052 WARN Included extra file "/etc/supervisor/conf.d/cc-backend.local.conf" during parsing
2019-06-13 13:11:55,052 WARN Included extra file "/etc/supervisor/conf.d/lumen.local.conf" during parsing
2019-06-13 13:11:55,062 INFO RPC interface 'supervisor' initialized
2019-06-13 13:11:55,063 CRIT Server 'unix_http_server' running without any HTTP authentication checking
2019-06-13 13:11:55,064 INFO supervisord started with pid 1
2019-06-13 13:11:56,069 INFO spawned: 'swoole-h5-api' with pid 8
2019-06-13 13:11:56,073 INFO spawned: 'cc-backend-async_02' with pid 9
2019-06-13 13:11:56,079 INFO spawned: 'cc-backend-async_03' with pid 10
2019-06-13 13:11:56,083 INFO spawned: 'cc-backend-async_00' with pid 11
2019-06-13 13:11:56,086 INFO spawned: 'cc-backend-async_01' with pid 12
2019-06-13 13:11:56,091 INFO spawned: 'cc-backend-worker-default_03' with pid 13
2019-06-13 13:11:56,094 INFO spawned: 'cc-backend-worker-default_02' with pid 14
2019-06-13 13:11:56,101 INFO spawned: 'cc-backend-worker-default_01' with pid 15
2019-06-13 13:11:56,112 INFO spawned: 'cc-backend-worker-default_00' with pid 16
2019-06-13 13:11:57,132 INFO success: swoole-h5-api entered RUNNING state, process has stayed up for > than 1 seconds (startsecs)
2019-06-13 13:11:57,132 INFO success: cc-backend-async_02 entered RUNNING state, process has stayed up for > than 1 seconds (startsecs)
2019-06-13 13:11:57,135 INFO success: cc-backend-async_03 entered RUNNING state, process has stayed up for > than 1 seconds (startsecs)
2019-06-13 13:11:57,135 INFO success: cc-backend-async_00 entered RUNNING state, process has stayed up for > than 1 seconds (startsecs)
2019-06-13 13:11:57,135 INFO success: cc-backend-async_01 entered RUNNING state, process has stayed up for > than 1 seconds (startsecs)
2019-06-13 13:11:57,137 INFO success: cc-backend-worker-default_03 entered RUNNING state, process has stayed up for > than 1 seconds (startsecs)
2019-06-13 13:11:57,137 INFO success: cc-backend-worker-default_02 entered RUNNING state, process has stayed up for > than 1 seconds (startsecs)
2019-06-13 13:11:57,138 INFO success: cc-backend-worker-default_01 entered RUNNING state, process has stayed up for > than 1 seconds (startsecs)
2019-06-13 13:11:57,138 INFO success: cc-backend-worker-default_00 entered RUNNING state, process has stayed up for > than 1 seconds (startsecs)
2019-06-13 13:32:59,730 INFO exited: cc-backend-worker-default_03 (exit status 1; not expected)
2019-06-13 13:33:00,590 INFO spawned: 'cc-backend-worker-default_03' with pid 93
2019-06-13 13:33:00,669 INFO exited: cc-backend-async_01 (exit status 1; not expected)
2019-06-13 13:33:00,701 INFO spawned: 'cc-backend-async_01' with pid 94
2019-06-13 13:33:00,795 INFO exited: cc-backend-async_03 (exit status 1; not expected)
2019-06-13 13:33:00,808 INFO spawned: 'cc-backend-async_03' with pid 95
2019-06-13 13:33:00,813 INFO exited: cc-backend-async_02 (exit status 1; not expected)
2019-06-13 13:33:00,814 INFO exited: cc-backend-async_00 (exit status 1; not expected)
2019-06-13 13:33:00,816 INFO exited: cc-backend-worker-default_01 (exit status 1; not expected)
2019-06-13 13:33:00,818 INFO exited: cc-backend-worker-default_00 (exit status 1; not expected)
2019-06-13 13:33:00,841 INFO spawned: 'cc-backend-async_02' with pid 96
2019-06-13 13:33:00,855 INFO spawned: 'cc-backend-async_00' with pid 97
2019-06-13 13:33:00,864 INFO spawned: 'cc-backend-worker-default_01' with pid 98
2019-06-13 13:33:00,895 INFO spawned: 'cc-backend-worker-default_00' with pid 99
2019-06-13 13:33:00,904 INFO exited: cc-backend-worker-default_02 (exit status 1; not expected)
2019-06-13 13:33:01,919 INFO success: cc-backend-async_02 entered RUNNING state, process has stayed up for > than 1 seconds (startsecs)
2019-06-13 13:33:01,920 INFO success: cc-backend-async_03 entered RUNNING state, process has stayed up for > than 1 seconds (startsecs)
2019-06-13 13:33:01,922 INFO success: cc-backend-async_00 entered RUNNING state, process has stayed up for > than 1 seconds (startsecs)
2019-06-13 13:33:01,923 INFO success: cc-backend-async_01 entered RUNNING state, process has stayed up for > than 1 seconds (startsecs)
2019-06-13 13:33:01,924 INFO success: cc-backend-worker-default_03 entered RUNNING state, process has stayed up for > than 1 seconds (startsecs)
2019-06-13 13:33:01,930 INFO spawned: 'cc-backend-worker-default_02' with pid 100
2019-06-13 13:33:01,933 INFO success: cc-backend-worker-default_01 entered RUNNING state, process has stayed up for > than 1 seconds (startsecs)
2019-06-13 13:33:01,934 INFO success: cc-backend-worker-default_00 entered RUNNING state, process has stayed up for > than 1 seconds (startsecs)
2019-06-13 13:33:02,937 INFO success: cc-backend-worker-default_02 entered RUNNING state, process has stayed up for > than 1 seconds (startsecs)
2019-06-13 13:33:05,679 INFO exited: cc-backend-worker-default_03 (exit status 1; not expected)
2019-06-13 13:33:05,777 INFO spawned: 'cc-backend-worker-default_03' with pid 143
2019-06-13 13:33:05,823 INFO exited: cc-backend-async_01 (exit status 1; not expected)
2019-06-13 13:33:05,939 INFO spawned: 'cc-backend-async_01' with pid 144
2019-06-13 13:33:06,032 INFO exited: cc-backend-async_02 (exit status 1; not expected)
2019-06-13 13:33:06,082 INFO spawned: 'cc-backend-async_02' with pid 145
2019-06-13 13:33:06,089 INFO exited: cc-backend-worker-default_01 (exit status 1; not expected)
2019-06-13 13:33:06,156 INFO spawned: 'cc-backend-worker-default_01' with pid 146
2019-06-13 13:33:06,277 INFO exited: cc-backend-async_03 (exit status 1; not expected)
2019-06-13 13:33:06,318 INFO spawned: 'cc-backend-async_03' with pid 147
2019-06-13 13:33:06,320 INFO exited: cc-backend-worker-default_00 (exit status 1; not expected)
2019-06-13 13:33:06,340 INFO spawned: 'cc-backend-worker-default_00' with pid 148
2019-06-13 13:33:06,350 INFO exited: cc-backend-async_00 (exit status 1; not expected)
