Could not open input file: /var/www/lumen.com/bin/laravels
Could not open input file: /var/www/lumen.com/bin/laravels
Could not open input file: /var/www/lumen.com/bin/laravels
Could not open input file: /var/www/lumen.com/bin/laravels
 _                               _  _____ 
| |                             | |/ ____|
| |     __ _ _ __ __ ___   _____| | (___  
| |    / _` | '__/ _` \ \ / / _ \ |\___ \ 
| |___| (_| | | | (_| |\ V /  __/ |____) |
|______\__,_|_|  \__,_| \_/ \___|_|_____/ 
                                           
Speed up your Laravel/Lumen
>>> Components
+---------------------------+------------------------------------------+
| Component                 | Version                                  |
+---------------------------+------------------------------------------+
| PHP                       | 7.1.30                                   |
| Swoole                    | 4.3.4                                    |
| LaravelS                  | 3.5.3                                    |
| Laravel Framework [local] | Lumen (5.6.4) (Laravel Components 5.6.*) |
+---------------------------+------------------------------------------+
>>> Protocols
+-----------+--------+-------------------+----------------+
| Protocol  | Status | Handler           | Listen At      |
+-----------+--------+-------------------+----------------+
| Main HTTP | On     | Laravel Framework | 127.0.0.1:5200 |
+-----------+--------+-------------------+----------------+
>>> Feedback: https://github.com/hhxsv5/laravel-s
[2019-06-13 09:04:16] [TRACE] Swoole is running, press Ctrl+C to quit.
 _                               _  _____ 
| |                             | |/ ____|
| |     __ _ _ __ __ ___   _____| | (___  
| |    / _` | '__/ _` \ \ / / _ \ |\___ \ 
| |___| (_| | | | (_| |\ V /  __/ |____) |
|______\__,_|_|  \__,_| \_/ \___|_|_____/ 
                                           
Speed up your Laravel/Lumen
>>> Components
+---------------------------+------------------------------------------+
| Component                 | Version                                  |
+---------------------------+------------------------------------------+
| PHP                       | 7.1.30                                   |
| Swoole                    | 4.3.4                                    |
| LaravelS                  | 3.5.3                                    |
| Laravel Framework [local] | Lumen (5.6.4) (Laravel Components 5.6.*) |
+---------------------------+------------------------------------------+
>>> Protocols
+-----------+--------+-------------------+----------------+
| Protocol  | Status | Handler           | Listen At      |
+-----------+--------+-------------------+----------------+
| Main HTTP | On     | Laravel Framework | 127.0.0.1:5200 |
+-----------+--------+-------------------+----------------+
>>> Feedback: https://github.com/hhxsv5/laravel-s
[2019-06-13 09:04:23] [TRACE] Swoole is running, press Ctrl+C to quit.
 _                               _  _____ 
| |                             | |/ ____|
| |     __ _ _ __ __ ___   _____| | (___  
| |    / _` | '__/ _` \ \ / / _ \ |\___ \ 
| |___| (_| | | | (_| |\ V /  __/ |____) |
|______\__,_|_|  \__,_| \_/ \___|_|_____/ 
                                           
Speed up your Laravel/Lumen
>>> Components
+---------------------------+------------------------------------------+
| Component                 | Version                                  |
+---------------------------+------------------------------------------+
| PHP                       | 7.1.30                                   |
| Swoole                    | 4.3.4                                    |
| LaravelS                  | 3.5.3                                    |
| Laravel Framework [local] | Lumen (5.6.4) (Laravel Components 5.6.*) |
+---------------------------+------------------------------------------+
>>> Protocols
+-----------+--------+-------------------+----------------+
| Protocol  | Status | Handler           | Listen At      |
+-----------+--------+-------------------+----------------+
| Main HTTP | On     | Laravel Framework | 127.0.0.1:5200 |
+-----------+--------+-------------------+----------------+
>>> Feedback: https://github.com/hhxsv5/laravel-s
[2019-06-13 09:06:56] [TRACE] Swoole is running, press Ctrl+C to quit.
 _                               _  _____ 
| |                             | |/ ____|
| |     __ _ _ __ __ ___   _____| | (___  
| |    / _` | '__/ _` \ \ / / _ \ |\___ \ 
| |___| (_| | | | (_| |\ V /  __/ |____) |
|______\__,_|_|  \__,_| \_/ \___|_|_____/ 
                                           
Speed up your Laravel/Lumen
>>> Components
+---------------------------+------------------------------------------+
| Component                 | Version                                  |
+---------------------------+------------------------------------------+
| PHP                       | 7.1.30                                   |
| Swoole                    | 4.3.4                                    |
| LaravelS                  | 3.5.3                                    |
| Laravel Framework [local] | Lumen (5.6.4) (Laravel Components 5.6.*) |
+---------------------------+------------------------------------------+
>>> Protocols
+-----------+--------+-------------------+----------------+
| Protocol  | Status | Handler           | Listen At      |
+-----------+--------+-------------------+----------------+
| Main HTTP | On     | Laravel Framework | 127.0.0.1:5200 |
+-----------+--------+-------------------+----------------+
>>> Feedback: https://github.com/hhxsv5/laravel-s
[2019-06-13 09:43:16] [TRACE] Swoole is running, press Ctrl+C to quit.
 _                               _  _____ 
| |                             | |/ ____|
| |     __ _ _ __ __ ___   _____| | (___  
| |    / _` | '__/ _` \ \ / / _ \ |\___ \ 
| |___| (_| | | | (_| |\ V /  __/ |____) |
|______\__,_|_|  \__,_| \_/ \___|_|_____/ 
                                           
Speed up your Laravel/Lumen
>>> Components
+---------------------------+------------------------------------------+
| Component                 | Version                                  |
+---------------------------+------------------------------------------+
| PHP                       | 7.1.30                                   |
| Swoole                    | 4.3.4                                    |
| LaravelS                  | 3.5.3                                    |
| Laravel Framework [local] | Lumen (5.6.4) (Laravel Components 5.6.*) |
+---------------------------+------------------------------------------+
>>> Protocols
+-----------+--------+-------------------+------------+
| Protocol  | Status | Handler           | Listen At  |
+-----------+--------+-------------------+------------+
| Main HTTP | On     | Laravel Framework | nginx:5200 |
+-----------+--------+-------------------+------------+
>>> Feedback: https://github.com/hhxsv5/laravel-s
[2019-06-13 10:08:42] [TRACE] Swoole is running, press Ctrl+C to quit.
 _                               _  _____ 
| |                             | |/ ____|
| |     __ _ _ __ __ ___   _____| | (___  
| |    / _` | '__/ _` \ \ / / _ \ |\___ \ 
| |___| (_| | | | (_| |\ V /  __/ |____) |
|______\__,_|_|  \__,_| \_/ \___|_|_____/ 
                                           
Speed up your Laravel/Lumen
>>> Components
+---------------------------+------------------------------------------+
| Component                 | Version                                  |
+---------------------------+------------------------------------------+
| PHP                       | 7.1.30                                   |
| Swoole                    | 4.3.4                                    |
| LaravelS                  | 3.5.3                                    |
| Laravel Framework [local] | Lumen (5.6.4) (Laravel Components 5.6.*) |
+---------------------------+------------------------------------------+
>>> Protocols
+-----------+--------+-------------------+------------+
| Protocol  | Status | Handler           | Listen At  |
+-----------+--------+-------------------+------------+
| Main HTTP | On     | Laravel Framework | nginx:5200 |
+-----------+--------+-------------------+------------+
>>> Feedback: https://github.com/hhxsv5/laravel-s
[2019-06-13 10:08:49] [TRACE] Swoole is running, press Ctrl+C to quit.
 _                               _  _____ 
| |                             | |/ ____|
| |     __ _ _ __ __ ___   _____| | (___  
| |    / _` | '__/ _` \ \ / / _ \ |\___ \ 
| |___| (_| | | | (_| |\ V /  __/ |____) |
|______\__,_|_|  \__,_| \_/ \___|_|_____/ 
                                           
Speed up your Laravel/Lumen
>>> Components
+---------------------------+------------------------------------------+
| Component                 | Version                                  |
+---------------------------+------------------------------------------+
| PHP                       | 7.1.30                                   |
| Swoole                    | 4.3.4                                    |
| LaravelS                  | 3.5.3                                    |
| Laravel Framework [local] | Lumen (5.6.4) (Laravel Components 5.6.*) |
+---------------------------+------------------------------------------+
>>> Protocols
+-----------+--------+-------------------+------------+
| Protocol  | Status | Handler           | Listen At  |
+-----------+--------+-------------------+------------+
| Main HTTP | On     | Laravel Framework | nginx:5200 |
+-----------+--------+-------------------+------------+
>>> Feedback: https://github.com/hhxsv5/laravel-s
[2019-06-13 10:29:30] [TRACE] Swoole is running, press Ctrl+C to quit.
 _                               _  _____ 
| |                             | |/ ____|
| |     __ _ _ __ __ ___   _____| | (___  
| |    / _` | '__/ _` \ \ / / _ \ |\___ \ 
| |___| (_| | | | (_| |\ V /  __/ |____) |
|______\__,_|_|  \__,_| \_/ \___|_|_____/ 
                                           
Speed up your Laravel/Lumen
>>> Components
+---------------------------+------------------------------------------+
| Component                 | Version                                  |
+---------------------------+------------------------------------------+
| PHP                       | 7.1.12                                   |
| Swoole                    | 4.3.4                                    |
| LaravelS                  | 3.5.3                                    |
| Laravel Framework [local] | Lumen (5.6.4) (Laravel Components 5.6.*) |
+---------------------------+------------------------------------------+
>>> Protocols
+-----------+--------+-------------------+------------+
| Protocol  | Status | Handler           | Listen At  |
+-----------+--------+-------------------+------------+
| Main HTTP | On     | Laravel Framework | nginx:5200 |
+-----------+--------+-------------------+------------+
>>> Feedback: https://github.com/hhxsv5/laravel-s
[2019-06-13 10:59:30] [TRACE] Swoole is running, press Ctrl+C to quit.
 _                               _  _____ 
| |                             | |/ ____|
| |     __ _ _ __ __ ___   _____| | (___  
| |    / _` | '__/ _` \ \ / / _ \ |\___ \ 
| |___| (_| | | | (_| |\ V /  __/ |____) |
|______\__,_|_|  \__,_| \_/ \___|_|_____/ 
                                           
Speed up your Laravel/Lumen
>>> Components
+---------------------------+------------------------------------------+
| Component                 | Version                                  |
+---------------------------+------------------------------------------+
| PHP                       | 7.1.12                                   |
| Swoole                    | 4.3.4                                    |
| LaravelS                  | 3.5.3                                    |
| Laravel Framework [local] | Lumen (5.6.4) (Laravel Components 5.6.*) |
+---------------------------+------------------------------------------+
>>> Protocols
+-----------+--------+-------------------+------------+
| Protocol  | Status | Handler           | Listen At  |
+-----------+--------+-------------------+------------+
| Main HTTP | On     | Laravel Framework | nginx:5200 |
+-----------+--------+-------------------+------------+
>>> Feedback: https://github.com/hhxsv5/laravel-s
[2019-06-13 13:03:23] [TRACE] Swoole is running, press Ctrl+C to quit.
 _                               _  _____ 
| |                             | |/ ____|
| |     __ _ _ __ __ ___   _____| | (___  
| |    / _` | '__/ _` \ \ / / _ \ |\___ \ 
| |___| (_| | | | (_| |\ V /  __/ |____) |
|______\__,_|_|  \__,_| \_/ \___|_|_____/ 
                                           
Speed up your Laravel/Lumen
>>> Components
+---------------------------+------------------------------------------+
| Component                 | Version                                  |
+---------------------------+------------------------------------------+
| PHP                       | 7.1.12                                   |
| Swoole                    | 4.3.4                                    |
| LaravelS                  | 3.5.3                                    |
| Laravel Framework [local] | Lumen (5.6.4) (Laravel Components 5.6.*) |
+---------------------------+------------------------------------------+
>>> Protocols
+-----------+--------+-------------------+------------+
| Protocol  | Status | Handler           | Listen At  |
+-----------+--------+-------------------+------------+
| Main HTTP | On     | Laravel Framework | nginx:5200 |
+-----------+--------+-------------------+------------+
>>> Feedback: https://github.com/hhxsv5/laravel-s
[2019-06-13 13:04:48] [TRACE] Swoole is running, press Ctrl+C to quit.
 _                               _  _____ 
| |                             | |/ ____|
| |     __ _ _ __ __ ___   _____| | (___  
| |    / _` | '__/ _` \ \ / / _ \ |\___ \ 
| |___| (_| | | | (_| |\ V /  __/ |____) |
|______\__,_|_|  \__,_| \_/ \___|_|_____/ 
                                           
Speed up your Laravel/Lumen
>>> Components
+---------------------------+------------------------------------------+
| Component                 | Version                                  |
+---------------------------+------------------------------------------+
| PHP                       | 7.1.12                                   |
| Swoole                    | 4.3.4                                    |
| LaravelS                  | 3.5.3                                    |
| Laravel Framework [local] | Lumen (5.6.4) (Laravel Components 5.6.*) |
+---------------------------+------------------------------------------+
>>> Protocols
+-----------+--------+-------------------+------------+
| Protocol  | Status | Handler           | Listen At  |
+-----------+--------+-------------------+------------+
| Main HTTP | On     | Laravel Framework | nginx:5200 |
+-----------+--------+-------------------+------------+
>>> Feedback: https://github.com/hhxsv5/laravel-s
[2019-06-13 13:05:33] [TRACE] Swoole is running, press Ctrl+C to quit.
 _                               _  _____ 
| |                             | |/ ____|
| |     __ _ _ __ __ ___   _____| | (___  
| |    / _` | '__/ _` \ \ / / _ \ |\___ \ 
| |___| (_| | | | (_| |\ V /  __/ |____) |
|______\__,_|_|  \__,_| \_/ \___|_|_____/ 
                                           
Speed up your Laravel/Lumen
>>> Components
+---------------------------+------------------------------------------+
| Component                 | Version                                  |
+---------------------------+------------------------------------------+
| PHP                       | 7.1.12                                   |
| Swoole                    | 4.3.4                                    |
| LaravelS                  | 3.5.3                                    |
| Laravel Framework [local] | Lumen (5.6.4) (Laravel Components 5.6.*) |
+---------------------------+------------------------------------------+
>>> Protocols
+-----------+--------+-------------------+------------+
| Protocol  | Status | Handler           | Listen At  |
+-----------+--------+-------------------+------------+
| Main HTTP | On     | Laravel Framework | nginx:5200 |
+-----------+--------+-------------------+------------+
>>> Feedback: https://github.com/hhxsv5/laravel-s
[2019-06-13 13:12:02] [TRACE] Swoole is running, press Ctrl+C to quit.
